#
# A fatal error has been detected by the Java Runtime Environment:
#
#  Internal Error (javaClasses.cpp:129), pid=13086, tid=139727901116160
#  fatal error: Invalid layout of preloaded class
#
# JRE version: 7.0_13-b20
# Java VM: OpenJDK 64-Bit Server VM (23.7-b01 mixed mode linux-amd64 compressed oops)
# Failed to write core dump. Core dumps have been disabled. To enable core dumping, try "ulimit -c unlimited" before starting Java again
#
# If you would like to submit a bug report, please include
# instructions on how to reproduce the bug and visit:
#   https://bugs.launchpad.net/ubuntu/+source/openjdk-7/
#

---------------  T H R E A D  ---------------

Current thread (0x00007f14e8009800):  JavaThread "Unknown thread" [_thread_in_vm, id=13088, stack(0x00007f14efd94000,0x00007f14efe95000)]

Stack: [0x00007f14efd94000,0x00007f14efe95000],  sp=0x00007f14efe939e0,  free space=1022k
Native frames: (J=compiled Java code, j=interpreted, Vv=VM code, C=native code)
V  [libjvm.so+0x856a8b]  VMError::report_and_die()+0x16b
V  [libjvm.so+0x3ee2c7]  report_fatal(char const*, int, char const*)+0x57
V  [libjvm.so+0x52ac5a]  compute_offset(int&, klassOopDesc*, Symbol*, Symbol*, bool) [clone .constprop.122]+0x11a
V  [libjvm.so+0x52ad66]  java_lang_String::compute_offsets()+0x36
V  [libjvm.so+0x7e360d]  SystemDictionary::initialize_preloaded_classes(Thread*)+0x3d
V  [libjvm.so+0x830568]  Universe::genesis(Thread*)+0x468
V  [libjvm.so+0x830a1f]  universe2_init()+0x1f
V  [libjvm.so+0x4df53a]  init_globals()+0x9a
V  [libjvm.so+0x813f8c]  Threads::create_vm(JavaVMInitArgs*, bool*)+0x39c
V  [libjvm.so+0x5478e8]  JNI_CreateJavaVM+0x58
C  [libjli.so+0x2b24]  __strcat_chk+0x2b24


---------------  P R O C E S S  ---------------

Java Threads: ( => current thread )

Other Threads:

=>0x00007f14e8009800 (exited) JavaThread "Unknown thread" [_thread_in_vm, id=13088, stack(0x00007f14efd94000,0x00007f14efe95000)]

VM state:not at safepoint (not fully initialized)

VM Mutex/Monitor currently owned by a thread: None

GC Heap History (0 events):
No events

Deoptimization events (0 events):
No events

Internal exceptions (0 events):
No events

Events (10 events):
Event: 0.006 loading class 0x00007f14e802b360 done
Event: 0.007 loading class 0x00007f14e802ac00 done
Event: 0.007 loading class 0x00007f14e802abd0
Event: 0.007 loading class 0x00007f14e8055da0
Event: 0.007 loading class 0x00007f14e8055da0 done
Event: 0.007 loading class 0x00007f14e8055de0
Event: 0.007 loading class 0x00007f14e8055de0 done
Event: 0.007 loading class 0x00007f14e8055e20
Event: 0.007 loading class 0x00007f14e8055e20 done
Event: 0.007 loading class 0x00007f14e802abd0 done


Dynamic libraries:
00400000-00401000 r-xp 00000000 08:06 18751796                           /usr/lib/jvm/java-7-openjdk-amd64/jre/bin/java
00600000-00601000 r--p 00000000 08:06 18751796                           /usr/lib/jvm/java-7-openjdk-amd64/jre/bin/java
00601000-00602000 rw-p 00001000 08:06 18751796                           /usr/lib/jvm/java-7-openjdk-amd64/jre/bin/java
00786000-007a7000 rw-p 00000000 00:00 0                                  [heap]
9a600000-9bac0000 rw-p 00000000 00:00 0 
9bac0000-a4c00000 rw-p 00000000 00:00 0 
a4c00000-a88e0000 rw-p 00000000 00:00 0 
a88e0000-e1960000 rw-p 00000000 00:00 0 
e1960000-e37c0000 rw-p 00000000 00:00 0 
e37c0000-100000000 rw-p 00000000 00:00 0 
7f14d4000000-7f14d4021000 rw-p 00000000 00:00 0 
7f14d4021000-7f14d8000000 ---p 00000000 00:00 0 
7f14d8000000-7f14d8021000 rw-p 00000000 00:00 0 
7f14d8021000-7f14dc000000 ---p 00000000 00:00 0 
7f14dc000000-7f14dc021000 rw-p 00000000 00:00 0 
7f14dc021000-7f14e0000000 ---p 00000000 00:00 0 
7f14e0e70000-7f14e5000000 rw-p 00000000 00:00 0 
7f14e5000000-7f14e5270000 rwxp 00000000 00:00 0 
7f14e5270000-7f14e8060000 rw-p 00000000 00:00 0 
7f14e8060000-7f14ec000000 ---p 00000000 00:00 0 
7f14ec08b000-7f14ec0c1000 rw-p 00000000 00:00 0 
7f14ec0c1000-7f14ec186000 r--s 0115c000 08:06 14031995                   /home/lucas/Área de Trabalho/android-sdk-linux/platforms/android-17/android.jar
7f14ec186000-7f14ec187000 ---p 00000000 00:00 0 
7f14ec187000-7f14ec287000 rw-p 00000000 00:00 0                          [stack:13092]
7f14ec287000-7f14ec288000 ---p 00000000 00:00 0 
7f14ec288000-7f14ec388000 rw-p 00000000 00:00 0                          [stack:13091]
7f14ec388000-7f14ec389000 ---p 00000000 00:00 0 
7f14ec389000-7f14ec489000 rw-p 00000000 00:00 0                          [stack:13090]
7f14ec489000-7f14ec48a000 ---p 00000000 00:00 0 
7f14ec48a000-7f14ec595000 rw-p 00000000 00:00 0                          [stack:13089]
7f14ec595000-7f14ec5dd000 rw-p 00000000 00:00 0 
7f14ec5dd000-7f14ec5fc000 rw-p 00000000 00:00 0 
7f14ec5fc000-7f14ec7c4000 rw-p 00000000 00:00 0 
7f14ec7c4000-7f14ec7cf000 rw-p 00000000 00:00 0 
7f14ec7cf000-7f14ec817000 rw-p 00000000 00:00 0 
7f14ec817000-7f14ec836000 rw-p 00000000 00:00 0 
7f14ec836000-7f14ec9fd000 rw-p 00000000 00:00 0 
7f14ec9fd000-7f14eca0d000 rw-p 00000000 00:00 0 
7f14eca0d000-7f14ecaf1000 rw-p 00000000 00:00 0 
7f14ecaf1000-7f14ecaf2000 rw-p 00000000 00:00 0 
7f14ecaf2000-7f14ecafa000 r-xp 00000000 08:06 18755355                   /usr/lib/jvm/java-7-openjdk-amd64/jre/lib/amd64/libzip.so
7f14ecafa000-7f14eccf9000 ---p 00008000 08:06 18755355                   /usr/lib/jvm/java-7-openjdk-amd64/jre/lib/amd64/libzip.so
7f14eccf9000-7f14eccfa000 r--p 00007000 08:06 18755355                   /usr/lib/jvm/java-7-openjdk-amd64/jre/lib/amd64/libzip.so
7f14eccfa000-7f14eccfb000 rw-p 00008000 08:06 18755355                   /usr/lib/jvm/java-7-openjdk-amd64/jre/lib/amd64/libzip.so
7f14eccfb000-7f14ecd07000 r-xp 00000000 08:06 15338995                   /lib/x86_64-linux-gnu/libnss_files-2.15.so
7f14ecd07000-7f14ecf06000 ---p 0000c000 08:06 15338995                   /lib/x86_64-linux-gnu/libnss_files-2.15.so
7f14ecf06000-7f14ecf07000 r--p 0000b000 08:06 15338995                   /lib/x86_64-linux-gnu/libnss_files-2.15.so
7f14ecf07000-7f14ecf08000 rw-p 0000c000 08:06 15338995                   /lib/x86_64-linux-gnu/libnss_files-2.15.so
7f14ecf08000-7f14ecf12000 r-xp 00000000 08:06 15338999                   /lib/x86_64-linux-gnu/libnss_nis-2.15.so
7f14ecf12000-7f14ed112000 ---p 0000a000 08:06 15338999                   /lib/x86_64-linux-gnu/libnss_nis-2.15.so
7f14ed112000-7f14ed113000 r--p 0000a000 08:06 15338999                   /lib/x86_64-linux-gnu/libnss_nis-2.15.so
7f14ed113000-7f14ed114000 rw-p 0000b000 08:06 15338999                   /lib/x86_64-linux-gnu/libnss_nis-2.15.so
7f14ed114000-7f14ed12b000 r-xp 00000000 08:06 15338989                   /lib/x86_64-linux-gnu/libnsl-2.15.so
7f14ed12b000-7f14ed32a000 ---p 00017000 08:06 15338989                   /lib/x86_64-linux-gnu/libnsl-2.15.so
7f14ed32a000-7f14ed32b000 r--p 00016000 08:06 15338989                   /lib/x86_64-linux-gnu/libnsl-2.15.so
7f14ed32b000-7f14ed32c000 rw-p 00017000 08:06 15338989                   /lib/x86_64-linux-gnu/libnsl-2.15.so
7f14ed32c000-7f14ed32e000 rw-p 00000000 00:00 0 
7f14ed32e000-7f14ed336000 r-xp 00000000 08:06 15338991                   /lib/x86_64-linux-gnu/libnss_compat-2.15.so
7f14ed336000-7f14ed535000 ---p 00008000 08:06 15338991                   /lib/x86_64-linux-gnu/libnss_compat-2.15.so
7f14ed535000-7f14ed536000 r--p 00007000 08:06 15338991                   /lib/x86_64-linux-gnu/libnss_compat-2.15.so
7f14ed536000-7f14ed537000 rw-p 00008000 08:06 15338991                   /lib/x86_64-linux-gnu/libnss_compat-2.15.so
7f14ed537000-7f14ed562000 r-xp 00000000 08:06 18755347                   /usr/lib/jvm/java-7-openjdk-amd64/jre/lib/amd64/libjava.so
7f14ed562000-7f14ed761000 ---p 0002b000 08:06 18755347                   /usr/lib/jvm/java-7-openjdk-amd64/jre/lib/amd64/libjava.so
7f14ed761000-7f14ed762000 r--p 0002a000 08:06 18755347                   /usr/lib/jvm/java-7-openjdk-amd64/jre/lib/amd64/libjava.so
7f14ed762000-7f14ed764000 rw-p 0002b000 08:06 18755347                   /usr/lib/jvm/java-7-openjdk-amd64/jre/lib/amd64/libjava.so
7f14ed764000-7f14ed773000 r-xp 00000000 08:06 18755370                   /usr/lib/jvm/java-7-openjdk-amd64/jre/lib/amd64/libverify.so
7f14ed773000-7f14ed972000 ---p 0000f000 08:06 18755370                   /usr/lib/jvm/java-7-openjdk-amd64/jre/lib/amd64/libverify.so
7f14ed972000-7f14ed974000 r--p 0000e000 08:06 18755370                   /usr/lib/jvm/java-7-openjdk-amd64/jre/lib/amd64/libverify.so
7f14ed974000-7f14ed975000 rw-p 00010000 08:06 18755370                   /usr/lib/jvm/java-7-openjdk-amd64/jre/lib/amd64/libverify.so
7f14ed975000-7f14ed97c000 r-xp 00000000 08:06 15339034                   /lib/x86_64-linux-gnu/librt-2.15.so
7f14ed97c000-7f14edb7b000 ---p 00007000 08:06 15339034                   /lib/x86_64-linux-gnu/librt-2.15.so
7f14edb7b000-7f14edb7c000 r--p 00006000 08:06 15339034                   /lib/x86_64-linux-gnu/librt-2.15.so
7f14edb7c000-7f14edb7d000 rw-p 00007000 08:06 15339034                   /lib/x86_64-linux-gnu/librt-2.15.so
7f14edb7d000-7f14edb92000 r-xp 00000000 08:06 15338955                   /lib/x86_64-linux-gnu/libgcc_s.so.1
7f14edb92000-7f14edd91000 ---p 00015000 08:06 15338955                   /lib/x86_64-linux-gnu/libgcc_s.so.1
7f14edd91000-7f14edd92000 r--p 00014000 08:06 15338955                   /lib/x86_64-linux-gnu/libgcc_s.so.1
7f14edd92000-7f14edd93000 rw-p 00015000 08:06 15338955                   /lib/x86_64-linux-gnu/libgcc_s.so.1
7f14edd93000-7f14ede8e000 r-xp 00000000 08:06 15338972                   /lib/x86_64-linux-gnu/libm-2.15.so
7f14ede8e000-7f14ee08d000 ---p 000fb000 08:06 15338972                   /lib/x86_64-linux-gnu/libm-2.15.so
7f14ee08d000-7f14ee08e000 r--p 000fa000 08:06 15338972                   /lib/x86_64-linux-gnu/libm-2.15.so
7f14ee08e000-7f14ee08f000 rw-p 000fb000 08:06 15338972                   /lib/x86_64-linux-gnu/libm-2.15.so
7f14ee08f000-7f14ee174000 r-xp 00000000 08:06 18751124                   /usr/lib/x86_64-linux-gnu/libstdc++.so.6.0.17
7f14ee174000-7f14ee373000 ---p 000e5000 08:06 18751124                   /usr/lib/x86_64-linux-gnu/libstdc++.so.6.0.17
7f14ee373000-7f14ee37b000 r--p 000e4000 08:06 18751124                   /usr/lib/x86_64-linux-gnu/libstdc++.so.6.0.17
7f14ee37b000-7f14ee37d000 rw-p 000ec000 08:06 18751124                   /usr/lib/x86_64-linux-gnu/libstdc++.so.6.0.17
7f14ee37d000-7f14ee392000 rw-p 00000000 00:00 0 
7f14ee392000-7f14eed8d000 r-xp 00000000 08:06 18755340                   /usr/lib/jvm/java-7-openjdk-amd64/jre/lib/amd64/server/libjvm.so
7f14eed8d000-7f14eef8c000 ---p 009fb000 08:06 18755340                   /usr/lib/jvm/java-7-openjdk-amd64/jre/lib/amd64/server/libjvm.so
7f14eef8c000-7f14ef00b000 r--p 009fa000 08:06 18755340                   /usr/lib/jvm/java-7-openjdk-amd64/jre/lib/amd64/server/libjvm.so
7f14ef00b000-7f14ef02e000 rw-p 00a79000 08:06 18755340                   /usr/lib/jvm/java-7-openjdk-amd64/jre/lib/amd64/server/libjvm.so
7f14ef02e000-7f14ef059000 rw-p 00000000 00:00 0 
7f14ef059000-7f14ef06f000 r-xp 00000000 08:06 15339064                   /lib/x86_64-linux-gnu/libz.so.1.2.7
7f14ef06f000-7f14ef26e000 ---p 00016000 08:06 15339064                   /lib/x86_64-linux-gnu/libz.so.1.2.7
7f14ef26e000-7f14ef26f000 r--p 00015000 08:06 15339064                   /lib/x86_64-linux-gnu/libz.so.1.2.7
7f14ef26f000-7f14ef270000 rw-p 00016000 08:06 15339064                   /lib/x86_64-linux-gnu/libz.so.1.2.7
7f14ef270000-7f14ef288000 r-xp 00000000 08:06 15339026                   /lib/x86_64-linux-gnu/libpthread-2.15.so
7f14ef288000-7f14ef487000 ---p 00018000 08:06 15339026                   /lib/x86_64-linux-gnu/libpthread-2.15.so
7f14ef487000-7f14ef488000 r--p 00017000 08:06 15339026                   /lib/x86_64-linux-gnu/libpthread-2.15.so
7f14ef488000-7f14ef489000 rw-p 00018000 08:06 15339026                   /lib/x86_64-linux-gnu/libpthread-2.15.so
7f14ef489000-7f14ef48d000 rw-p 00000000 00:00 0 
7f14ef48d000-7f14ef48f000 r-xp 00000000 08:06 15338945                   /lib/x86_64-linux-gnu/libdl-2.15.so
7f14ef48f000-7f14ef68f000 ---p 00002000 08:06 15338945                   /lib/x86_64-linux-gnu/libdl-2.15.so
7f14ef68f000-7f14ef690000 r--p 00002000 08:06 15338945                   /lib/x86_64-linux-gnu/libdl-2.15.so
7f14ef690000-7f14ef691000 rw-p 00003000 08:06 15338945                   /lib/x86_64-linux-gnu/libdl-2.15.so
7f14ef691000-7f14ef846000 r-xp 00000000 08:06 15338930                   /lib/x86_64-linux-gnu/libc-2.15.so
7f14ef846000-7f14efa45000 ---p 001b5000 08:06 15338930                   /lib/x86_64-linux-gnu/libc-2.15.so
7f14efa45000-7f14efa49000 r--p 001b4000 08:06 15338930                   /lib/x86_64-linux-gnu/libc-2.15.so
7f14efa49000-7f14efa4b000 rw-p 001b8000 08:06 15338930                   /lib/x86_64-linux-gnu/libc-2.15.so
7f14efa4b000-7f14efa50000 rw-p 00000000 00:00 0 
7f14efa6c000-7f14efa79000 r-xp 00000000 08:06 18755353                   /usr/lib/jvm/java-7-openjdk-amd64/jre/lib/amd64/jli/libjli.so
7f14efa79000-7f14efc78000 ---p 0000d000 08:06 18755353                   /usr/lib/jvm/java-7-openjdk-amd64/jre/lib/amd64/jli/libjli.so
7f14efc78000-7f14efc79000 r--p 0000c000 08:06 18755353                   /usr/lib/jvm/java-7-openjdk-amd64/jre/lib/amd64/jli/libjli.so
7f14efc79000-7f14efc7a000 rw-p 0000d000 08:06 18755353                   /usr/lib/jvm/java-7-openjdk-amd64/jre/lib/amd64/jli/libjli.so
7f14efc7a000-7f14efc9c000 r-xp 00000000 08:06 15338908                   /lib/x86_64-linux-gnu/ld-2.15.so
7f14efca1000-7f14efcd4000 rw-p 00000000 00:00 0 
7f14efcd4000-7f14efd8a000 rw-p 00000000 00:00 0 
7f14efd8a000-7f14efd92000 rw-s 00000000 08:06 18351908                   /tmp/hsperfdata_lucas/13086
7f14efd92000-7f14efd93000 rw-p 00000000 00:00 0 
7f14efd93000-7f14efd94000 r--p 00000000 00:00 0 
7f14efd94000-7f14efd97000 ---p 00000000 00:00 0 
7f14efd97000-7f14efe9c000 rw-p 00000000 00:00 0                          [stack:13088]
7f14efe9c000-7f14efe9d000 r--p 00022000 08:06 15338908                   /lib/x86_64-linux-gnu/ld-2.15.so
7f14efe9d000-7f14efe9f000 rw-p 00023000 08:06 15338908                   /lib/x86_64-linux-gnu/ld-2.15.so
7fffb998a000-7fffb99ab000 rw-p 00000000 00:00 0                          [stack]
7fffb99e8000-7fffb99e9000 r-xp 00000000 00:00 0                          [vdso]
ffffffffff600000-ffffffffff601000 r-xp 00000000 00:00 0                  [vsyscall]

VM Arguments:
jvm_args: -Dfile.encoding=UTF-8 -Xbootclasspath:/home/lucas/Área de Trabalho/android-sdk-linux/platforms/android-17/android.jar 
java_command: org.eclipse.jdt.internal.junit.runner.RemoteTestRunner -version 3 -port 48569 -testLoaderClass org.eclipse.jdt.internal.junit4.runner.JUnit4TestLoader -loaderpluginname org.eclipse.jdt.junit4.runtime -testNameFile /tmp/testNames8704561881083971069.txt
Launcher Type: SUN_STANDARD

Environment Variables:
PATH=/usr/lib/lightdm/lightdm:/usr/local/sbin:/usr/local/bin:/usr/sbin:/usr/bin:/sbin:/bin:/usr/games:/usr/local/games
SHELL=/bin/bash
DISPLAY=:0.0

Signal Handlers:
SIGSEGV: [libjvm.so+0x857570], sa_mask[0]=0x7ffbfeff, sa_flags=0x10000004
SIGBUS: [libjvm.so+0x857570], sa_mask[0]=0x7ffbfeff, sa_flags=0x10000004
SIGFPE: [libjvm.so+0x6f8270], sa_mask[0]=0x7ffbfeff, sa_flags=0x10000004
SIGPIPE: [libjvm.so+0x6f8270], sa_mask[0]=0x7ffbfeff, sa_flags=0x10000004
SIGXFSZ: [libjvm.so+0x6f8270], sa_mask[0]=0x7ffbfeff, sa_flags=0x10000004
SIGILL: [libjvm.so+0x6f8270], sa_mask[0]=0x7ffbfeff, sa_flags=0x10000004
SIGUSR1: SIG_DFL, sa_mask[0]=0x00000000, sa_flags=0x00000000
SIGUSR2: [libjvm.so+0x6f84c0], sa_mask[0]=0x00000004, sa_flags=0x10000004
SIGHUP: SIG_DFL, sa_mask[0]=0x00000000, sa_flags=0x00000000
SIGINT: SIG_DFL, sa_mask[0]=0x00000000, sa_flags=0x00000000
SIGTERM: SIG_DFL, sa_mask[0]=0x00000000, sa_flags=0x00000000
SIGQUIT: SIG_DFL, sa_mask[0]=0x00000000, sa_flags=0x00000000


---------------  S Y S T E M  ---------------

OS:Ubuntu 12.10 (quantal)
uname:Linux 3.5.0-23-generic #35-Ubuntu SMP Thu Jan 24 13:15:40 UTC 2013 x86_64
libc:glibc 2.15 NPTL 2.15 
rlimit: STACK 8192k, CORE 0k, NPROC 46575, NOFILE 4096, AS infinity
load average:2.88 2.03 1.76

/proc/meminfo:
MemTotal:        5980000 kB
MemFree:          162092 kB
Buffers:          143460 kB
Cached:          1712432 kB
SwapCached:         2848 kB
Active:          3640292 kB
Inactive:        1827908 kB
Active(anon):    2731780 kB
Inactive(anon):   919644 kB
Active(file):     908512 kB
Inactive(file):   908264 kB
Unevictable:       31440 kB
Mlocked:           31440 kB
SwapTotal:       3999740 kB
SwapFree:        3996580 kB
Dirty:               280 kB
Writeback:             0 kB
AnonPages:       3641224 kB
Mapped:           275444 kB
Shmem:             33288 kB
Slab:             183312 kB
SReclaimable:     151008 kB
SUnreclaim:        32304 kB
KernelStack:        5144 kB
PageTables:        46384 kB
NFS_Unstable:          0 kB
Bounce:                0 kB
WritebackTmp:          0 kB
CommitLimit:     6989740 kB
Committed_AS:   10441180 kB
VmallocTotal:   34359738367 kB
VmallocUsed:      411984 kB
VmallocChunk:   34359320700 kB
HardwareCorrupted:     0 kB
AnonHugePages:         0 kB
HugePages_Total:       0
HugePages_Free:        0
HugePages_Rsvd:        0
HugePages_Surp:        0
Hugepagesize:       2048 kB
DirectMap4k:      348160 kB
DirectMap2M:     5851136 kB


CPU:total 4 (2 cores per cpu, 2 threads per core) family 6 model 58 stepping 9, cmov, cx8, fxsr, mmx, sse, sse2, sse3, ssse3, sse4.1, sse4.2, popcnt, avx, ht, tsc, tscinvbit, tscinv

/proc/cpuinfo:
processor	: 0
vendor_id	: GenuineIntel
cpu family	: 6
model		: 58
model name	: Intel(R) Core(TM) i5-3210M CPU @ 2.50GHz
stepping	: 9
microcode	: 0x12
cpu MHz		: 2501.000
cache size	: 3072 KB
physical id	: 0
siblings	: 4
core id		: 0
cpu cores	: 2
apicid		: 0
initial apicid	: 0
fpu		: yes
fpu_exception	: yes
cpuid level	: 13
wp		: yes
flags		: fpu vme de pse tsc msr pae mce cx8 apic sep mtrr pge mca cmov pat pse36 clflush dts acpi mmx fxsr sse sse2 ss ht tm pbe syscall nx rdtscp lm constant_tsc arch_perfmon pebs bts rep_good nopl xtopology nonstop_tsc aperfmperf pni pclmulqdq dtes64 monitor ds_cpl vmx est tm2 ssse3 cx16 xtpr pdcm pcid sse4_1 sse4_2 x2apic popcnt tsc_deadline_timer aes xsave avx f16c rdrand lahf_lm ida arat epb xsaveopt pln pts dtherm tpr_shadow vnmi flexpriority ept vpid fsgsbase smep erms
bogomips	: 4988.75
clflush size	: 64
cache_alignment	: 64
address sizes	: 36 bits physical, 48 bits virtual
power management:

processor	: 1
vendor_id	: GenuineIntel
cpu family	: 6
model		: 58
model name	: Intel(R) Core(TM) i5-3210M CPU @ 2.50GHz
stepping	: 9
microcode	: 0x12
cpu MHz		: 2501.000
cache size	: 3072 KB
physical id	: 0
siblings	: 4
core id		: 0
cpu cores	: 2
apicid		: 1
initial apicid	: 1
fpu		: yes
fpu_exception	: yes
cpuid level	: 13
wp		: yes
flags		: fpu vme de pse tsc msr pae mce cx8 apic sep mtrr pge mca cmov pat pse36 clflush dts acpi mmx fxsr sse sse2 ss ht tm pbe syscall nx rdtscp lm constant_tsc arch_perfmon pebs bts rep_good nopl xtopology nonstop_tsc aperfmperf pni pclmulqdq dtes64 monitor ds_cpl vmx est tm2 ssse3 cx16 xtpr pdcm pcid sse4_1 sse4_2 x2apic popcnt tsc_deadline_timer aes xsave avx f16c rdrand lahf_lm ida arat epb xsaveopt pln pts dtherm tpr_shadow vnmi flexpriority ept vpid fsgsbase smep erms
bogomips	: 4988.75
clflush size	: 64
cache_alignment	: 64
address sizes	: 36 bits physical, 48 bits virtual
power management:

processor	: 2
vendor_id	: GenuineIntel
cpu family	: 6
model		: 58
model name	: Intel(R) Core(TM) i5-3210M CPU @ 2.50GHz
stepping	: 9
microcode	: 0x12
cpu MHz		: 2501.000
cache size	: 3072 KB
physical id	: 0
siblings	: 4
core id		: 1
cpu cores	: 2
apicid		: 2
initial apicid	: 2
fpu		: yes
fpu_exception	: yes
cpuid level	: 13
wp		: yes
flags		: fpu vme de pse tsc msr pae mce cx8 apic sep mtrr pge mca cmov pat pse36 clflush dts acpi mmx fxsr sse sse2 ss ht tm pbe syscall nx rdtscp lm constant_tsc arch_perfmon pebs bts rep_good nopl xtopology nonstop_tsc aperfmperf pni pclmulqdq dtes64 monitor ds_cpl vmx est tm2 ssse3 cx16 xtpr pdcm pcid sse4_1 sse4_2 x2apic popcnt tsc_deadline_timer aes xsave avx f16c rdrand lahf_lm ida arat epb xsaveopt pln pts dtherm tpr_shadow vnmi flexpriority ept vpid fsgsbase smep erms
bogomips	: 4988.75
clflush size	: 64
cache_alignment	: 64
address sizes	: 36 bits physical, 48 bits virtual
power management:

processor	: 3
vendor_id	: GenuineIntel
cpu family	: 6
model		: 58
model name	: Intel(R) Core(TM) i5-3210M CPU @ 2.50GHz
stepping	: 9
microcode	: 0x12
cpu MHz		: 2501.000
cache size	: 3072 KB
physical id	: 0
siblings	: 4
core id		: 1
cpu cores	: 2
apicid		: 3
initial apicid	: 3
fpu		: yes
fpu_exception	: yes
cpuid level	: 13
wp		: yes
flags		: fpu vme de pse tsc msr pae mce cx8 apic sep mtrr pge mca cmov pat pse36 clflush dts acpi mmx fxsr sse sse2 ss ht tm pbe syscall nx rdtscp lm constant_tsc arch_perfmon pebs bts rep_good nopl xtopology nonstop_tsc aperfmperf pni pclmulqdq dtes64 monitor ds_cpl vmx est tm2 ssse3 cx16 xtpr pdcm pcid sse4_1 sse4_2 x2apic popcnt tsc_deadline_timer aes xsave avx f16c rdrand lahf_lm ida arat epb xsaveopt pln pts dtherm tpr_shadow vnmi flexpriority ept vpid fsgsbase smep erms
bogomips	: 4988.75
clflush size	: 64
cache_alignment	: 64
address sizes	: 36 bits physical, 48 bits virtual
power management:



Memory: 4k page, physical 5980000k(162092k free), swap 3999740k(3996580k free)

vm_info: OpenJDK 64-Bit Server VM (23.7-b01) for linux-amd64 JRE (1.7.0_13-b20), built on Feb 13 2013 03:16:52 by "buildd" with gcc 4.7.2

time: Mon Feb 18 01:32:28 2013
elapsed time: 0 seconds

