#
# A fatal error has been detected by the Java Runtime Environment:
#
#  Internal Error (javaClasses.cpp:129), pid=13071, tid=140105579337472
#  fatal error: Invalid layout of preloaded class
#
# JRE version: 7.0_13-b20
# Java VM: OpenJDK 64-Bit Server VM (23.7-b01 mixed mode linux-amd64 compressed oops)
# Failed to write core dump. Core dumps have been disabled. To enable core dumping, try "ulimit -c unlimited" before starting Java again
#
# If you would like to submit a bug report, please include
# instructions on how to reproduce the bug and visit:
#   https://bugs.launchpad.net/ubuntu/+source/openjdk-7/
#

---------------  T H R E A D  ---------------

Current thread (0x00007f6cd8009800):  JavaThread "Unknown thread" [_thread_in_vm, id=13073, stack(0x00007f6cdf399000,0x00007f6cdf49a000)]

Stack: [0x00007f6cdf399000,0x00007f6cdf49a000],  sp=0x00007f6cdf4989e0,  free space=1022k
Native frames: (J=compiled Java code, j=interpreted, Vv=VM code, C=native code)
V  [libjvm.so+0x856a8b]  VMError::report_and_die()+0x16b
V  [libjvm.so+0x3ee2c7]  report_fatal(char const*, int, char const*)+0x57
V  [libjvm.so+0x52ac5a]  compute_offset(int&, klassOopDesc*, Symbol*, Symbol*, bool) [clone .constprop.122]+0x11a
V  [libjvm.so+0x52ad66]  java_lang_String::compute_offsets()+0x36
V  [libjvm.so+0x7e360d]  SystemDictionary::initialize_preloaded_classes(Thread*)+0x3d
V  [libjvm.so+0x830568]  Universe::genesis(Thread*)+0x468
V  [libjvm.so+0x830a1f]  universe2_init()+0x1f
V  [libjvm.so+0x4df53a]  init_globals()+0x9a
V  [libjvm.so+0x813f8c]  Threads::create_vm(JavaVMInitArgs*, bool*)+0x39c
V  [libjvm.so+0x5478e8]  JNI_CreateJavaVM+0x58
C  [libjli.so+0x2b24]  __strcat_chk+0x2b24


---------------  P R O C E S S  ---------------

Java Threads: ( => current thread )

Other Threads:

=>0x00007f6cd8009800 (exited) JavaThread "Unknown thread" [_thread_in_vm, id=13073, stack(0x00007f6cdf399000,0x00007f6cdf49a000)]

VM state:not at safepoint (not fully initialized)

VM Mutex/Monitor currently owned by a thread: None

GC Heap History (0 events):
No events

Deoptimization events (0 events):
No events

Internal exceptions (0 events):
No events

Events (10 events):
Event: 0.006 loading class 0x00007f6cd802b360 done
Event: 0.006 loading class 0x00007f6cd802ac00 done
Event: 0.006 loading class 0x00007f6cd802abd0
Event: 0.006 loading class 0x00007f6cd8055da0
Event: 0.006 loading class 0x00007f6cd8055da0 done
Event: 0.006 loading class 0x00007f6cd8055de0
Event: 0.007 loading class 0x00007f6cd8055de0 done
Event: 0.007 loading class 0x00007f6cd8055e20
Event: 0.007 loading class 0x00007f6cd8055e20 done
Event: 0.007 loading class 0x00007f6cd802abd0 done


Dynamic libraries:
00400000-00401000 r-xp 00000000 08:06 18751796                           /usr/lib/jvm/java-7-openjdk-amd64/jre/bin/java
00600000-00601000 r--p 00000000 08:06 18751796                           /usr/lib/jvm/java-7-openjdk-amd64/jre/bin/java
00601000-00602000 rw-p 00001000 08:06 18751796                           /usr/lib/jvm/java-7-openjdk-amd64/jre/bin/java
01c8d000-01cae000 rw-p 00000000 00:00 0                                  [heap]
9a600000-9bac0000 rw-p 00000000 00:00 0 
9bac0000-a4c00000 rw-p 00000000 00:00 0 
a4c00000-a88e0000 rw-p 00000000 00:00 0 
a88e0000-e1960000 rw-p 00000000 00:00 0 
e1960000-e37c0000 rw-p 00000000 00:00 0 
e37c0000-100000000 rw-p 00000000 00:00 0 
7f6cc4000000-7f6cc4021000 rw-p 00000000 00:00 0 
7f6cc4021000-7f6cc8000000 ---p 00000000 00:00 0 
7f6cc8000000-7f6cc8021000 rw-p 00000000 00:00 0 
7f6cc8021000-7f6ccc000000 ---p 00000000 00:00 0 
7f6ccc000000-7f6ccc021000 rw-p 00000000 00:00 0 
7f6ccc021000-7f6cd0000000 ---p 00000000 00:00 0 
7f6cd0493000-7f6cd069e000 rw-p 00000000 00:00 0 
7f6cd069e000-7f6cd0763000 r--s 0115c000 08:06 14031995                   /home/lucas/Área de Trabalho/android-sdk-linux/platforms/android-17/android.jar
7f6cd0763000-7f6cd46e7000 rw-p 00000000 00:00 0 
7f6cd46e7000-7f6cd46e8000 ---p 00000000 00:00 0 
7f6cd46e8000-7f6cd47e8000 rw-p 00000000 00:00 0                          [stack:13078]
7f6cd47e8000-7f6cd47e9000 ---p 00000000 00:00 0 
7f6cd47e9000-7f6cd48e9000 rw-p 00000000 00:00 0                          [stack:13077]
7f6cd48e9000-7f6cd48ea000 ---p 00000000 00:00 0 
7f6cd48ea000-7f6cd49ea000 rw-p 00000000 00:00 0                          [stack:13076]
7f6cd49ea000-7f6cd49eb000 ---p 00000000 00:00 0 
7f6cd49eb000-7f6cd4b0a000 rw-p 00000000 00:00 0                          [stack:13075]
7f6cd4b0a000-7f6cd4cd2000 rw-p 00000000 00:00 0 
7f6cd4cd2000-7f6cd4cdd000 rw-p 00000000 00:00 0 
7f6cd4cdd000-7f6cd4d25000 rw-p 00000000 00:00 0 
7f6cd4d25000-7f6cd4d44000 rw-p 00000000 00:00 0 
7f6cd4d44000-7f6cd4f0b000 rw-p 00000000 00:00 0 
7f6cd4f0b000-7f6cd4f1b000 rw-p 00000000 00:00 0 
7f6cd4f1b000-7f6cd4fff000 rw-p 00000000 00:00 0 
7f6cd4fff000-7f6cd5000000 rw-p 00000000 00:00 0 
7f6cd5000000-7f6cd5270000 rwxp 00000000 00:00 0 
7f6cd5270000-7f6cd8060000 rw-p 00000000 00:00 0 
7f6cd8060000-7f6cdc000000 ---p 00000000 00:00 0 
7f6cdc06e000-7f6cdc0af000 rw-p 00000000 00:00 0 
7f6cdc0af000-7f6cdc0f7000 rw-p 00000000 00:00 0 
7f6cdc0f7000-7f6cdc0ff000 r-xp 00000000 08:06 18755355                   /usr/lib/jvm/java-7-openjdk-amd64/jre/lib/amd64/libzip.so
7f6cdc0ff000-7f6cdc2fe000 ---p 00008000 08:06 18755355                   /usr/lib/jvm/java-7-openjdk-amd64/jre/lib/amd64/libzip.so
7f6cdc2fe000-7f6cdc2ff000 r--p 00007000 08:06 18755355                   /usr/lib/jvm/java-7-openjdk-amd64/jre/lib/amd64/libzip.so
7f6cdc2ff000-7f6cdc300000 rw-p 00008000 08:06 18755355                   /usr/lib/jvm/java-7-openjdk-amd64/jre/lib/amd64/libzip.so
7f6cdc300000-7f6cdc30c000 r-xp 00000000 08:06 15338995                   /lib/x86_64-linux-gnu/libnss_files-2.15.so
7f6cdc30c000-7f6cdc50b000 ---p 0000c000 08:06 15338995                   /lib/x86_64-linux-gnu/libnss_files-2.15.so
7f6cdc50b000-7f6cdc50c000 r--p 0000b000 08:06 15338995                   /lib/x86_64-linux-gnu/libnss_files-2.15.so
7f6cdc50c000-7f6cdc50d000 rw-p 0000c000 08:06 15338995                   /lib/x86_64-linux-gnu/libnss_files-2.15.so
7f6cdc50d000-7f6cdc517000 r-xp 00000000 08:06 15338999                   /lib/x86_64-linux-gnu/libnss_nis-2.15.so
7f6cdc517000-7f6cdc717000 ---p 0000a000 08:06 15338999                   /lib/x86_64-linux-gnu/libnss_nis-2.15.so
7f6cdc717000-7f6cdc718000 r--p 0000a000 08:06 15338999                   /lib/x86_64-linux-gnu/libnss_nis-2.15.so
7f6cdc718000-7f6cdc719000 rw-p 0000b000 08:06 15338999                   /lib/x86_64-linux-gnu/libnss_nis-2.15.so
7f6cdc719000-7f6cdc730000 r-xp 00000000 08:06 15338989                   /lib/x86_64-linux-gnu/libnsl-2.15.so
7f6cdc730000-7f6cdc92f000 ---p 00017000 08:06 15338989                   /lib/x86_64-linux-gnu/libnsl-2.15.so
7f6cdc92f000-7f6cdc930000 r--p 00016000 08:06 15338989                   /lib/x86_64-linux-gnu/libnsl-2.15.so
7f6cdc930000-7f6cdc931000 rw-p 00017000 08:06 15338989                   /lib/x86_64-linux-gnu/libnsl-2.15.so
7f6cdc931000-7f6cdc933000 rw-p 00000000 00:00 0 
7f6cdc933000-7f6cdc93b000 r-xp 00000000 08:06 15338991                   /lib/x86_64-linux-gnu/libnss_compat-2.15.so
7f6cdc93b000-7f6cdcb3a000 ---p 00008000 08:06 15338991                   /lib/x86_64-linux-gnu/libnss_compat-2.15.so
7f6cdcb3a000-7f6cdcb3b000 r--p 00007000 08:06 15338991                   /lib/x86_64-linux-gnu/libnss_compat-2.15.so
7f6cdcb3b000-7f6cdcb3c000 rw-p 00008000 08:06 15338991                   /lib/x86_64-linux-gnu/libnss_compat-2.15.so
7f6cdcb3c000-7f6cdcb67000 r-xp 00000000 08:06 18755347                   /usr/lib/jvm/java-7-openjdk-amd64/jre/lib/amd64/libjava.so
7f6cdcb67000-7f6cdcd66000 ---p 0002b000 08:06 18755347                   /usr/lib/jvm/java-7-openjdk-amd64/jre/lib/amd64/libjava.so
7f6cdcd66000-7f6cdcd67000 r--p 0002a000 08:06 18755347                   /usr/lib/jvm/java-7-openjdk-amd64/jre/lib/amd64/libjava.so
7f6cdcd67000-7f6cdcd69000 rw-p 0002b000 08:06 18755347                   /usr/lib/jvm/java-7-openjdk-amd64/jre/lib/amd64/libjava.so
7f6cdcd69000-7f6cdcd78000 r-xp 00000000 08:06 18755370                   /usr/lib/jvm/java-7-openjdk-amd64/jre/lib/amd64/libverify.so
7f6cdcd78000-7f6cdcf77000 ---p 0000f000 08:06 18755370                   /usr/lib/jvm/java-7-openjdk-amd64/jre/lib/amd64/libverify.so
7f6cdcf77000-7f6cdcf79000 r--p 0000e000 08:06 18755370                   /usr/lib/jvm/java-7-openjdk-amd64/jre/lib/amd64/libverify.so
7f6cdcf79000-7f6cdcf7a000 rw-p 00010000 08:06 18755370                   /usr/lib/jvm/java-7-openjdk-amd64/jre/lib/amd64/libverify.so
7f6cdcf7a000-7f6cdcf81000 r-xp 00000000 08:06 15339034                   /lib/x86_64-linux-gnu/librt-2.15.so
7f6cdcf81000-7f6cdd180000 ---p 00007000 08:06 15339034                   /lib/x86_64-linux-gnu/librt-2.15.so
7f6cdd180000-7f6cdd181000 r--p 00006000 08:06 15339034                   /lib/x86_64-linux-gnu/librt-2.15.so
7f6cdd181000-7f6cdd182000 rw-p 00007000 08:06 15339034                   /lib/x86_64-linux-gnu/librt-2.15.so
7f6cdd182000-7f6cdd197000 r-xp 00000000 08:06 15338955                   /lib/x86_64-linux-gnu/libgcc_s.so.1
7f6cdd197000-7f6cdd396000 ---p 00015000 08:06 15338955                   /lib/x86_64-linux-gnu/libgcc_s.so.1
7f6cdd396000-7f6cdd397000 r--p 00014000 08:06 15338955                   /lib/x86_64-linux-gnu/libgcc_s.so.1
7f6cdd397000-7f6cdd398000 rw-p 00015000 08:06 15338955                   /lib/x86_64-linux-gnu/libgcc_s.so.1
7f6cdd398000-7f6cdd493000 r-xp 00000000 08:06 15338972                   /lib/x86_64-linux-gnu/libm-2.15.so
7f6cdd493000-7f6cdd692000 ---p 000fb000 08:06 15338972                   /lib/x86_64-linux-gnu/libm-2.15.so
7f6cdd692000-7f6cdd693000 r--p 000fa000 08:06 15338972                   /lib/x86_64-linux-gnu/libm-2.15.so
7f6cdd693000-7f6cdd694000 rw-p 000fb000 08:06 15338972                   /lib/x86_64-linux-gnu/libm-2.15.so
7f6cdd694000-7f6cdd779000 r-xp 00000000 08:06 18751124                   /usr/lib/x86_64-linux-gnu/libstdc++.so.6.0.17
7f6cdd779000-7f6cdd978000 ---p 000e5000 08:06 18751124                   /usr/lib/x86_64-linux-gnu/libstdc++.so.6.0.17
7f6cdd978000-7f6cdd980000 r--p 000e4000 08:06 18751124                   /usr/lib/x86_64-linux-gnu/libstdc++.so.6.0.17
7f6cdd980000-7f6cdd982000 rw-p 000ec000 08:06 18751124                   /usr/lib/x86_64-linux-gnu/libstdc++.so.6.0.17
7f6cdd982000-7f6cdd997000 rw-p 00000000 00:00 0 
7f6cdd997000-7f6cde392000 r-xp 00000000 08:06 18755340                   /usr/lib/jvm/java-7-openjdk-amd64/jre/lib/amd64/server/libjvm.so
7f6cde392000-7f6cde591000 ---p 009fb000 08:06 18755340                   /usr/lib/jvm/java-7-openjdk-amd64/jre/lib/amd64/server/libjvm.so
7f6cde591000-7f6cde610000 r--p 009fa000 08:06 18755340                   /usr/lib/jvm/java-7-openjdk-amd64/jre/lib/amd64/server/libjvm.so
7f6cde610000-7f6cde633000 rw-p 00a79000 08:06 18755340                   /usr/lib/jvm/java-7-openjdk-amd64/jre/lib/amd64/server/libjvm.so
7f6cde633000-7f6cde65e000 rw-p 00000000 00:00 0 
7f6cde65e000-7f6cde674000 r-xp 00000000 08:06 15339064                   /lib/x86_64-linux-gnu/libz.so.1.2.7
7f6cde674000-7f6cde873000 ---p 00016000 08:06 15339064                   /lib/x86_64-linux-gnu/libz.so.1.2.7
7f6cde873000-7f6cde874000 r--p 00015000 08:06 15339064                   /lib/x86_64-linux-gnu/libz.so.1.2.7
7f6cde874000-7f6cde875000 rw-p 00016000 08:06 15339064                   /lib/x86_64-linux-gnu/libz.so.1.2.7
7f6cde875000-7f6cde88d000 r-xp 00000000 08:06 15339026                   /lib/x86_64-linux-gnu/libpthread-2.15.so
7f6cde88d000-7f6cdea8c000 ---p 00018000 08:06 15339026                   /lib/x86_64-linux-gnu/libpthread-2.15.so
7f6cdea8c000-7f6cdea8d000 r--p 00017000 08:06 15339026                   /lib/x86_64-linux-gnu/libpthread-2.15.so
7f6cdea8d000-7f6cdea8e000 rw-p 00018000 08:06 15339026                   /lib/x86_64-linux-gnu/libpthread-2.15.so
7f6cdea8e000-7f6cdea92000 rw-p 00000000 00:00 0 
7f6cdea92000-7f6cdea94000 r-xp 00000000 08:06 15338945                   /lib/x86_64-linux-gnu/libdl-2.15.so
7f6cdea94000-7f6cdec94000 ---p 00002000 08:06 15338945                   /lib/x86_64-linux-gnu/libdl-2.15.so
7f6cdec94000-7f6cdec95000 r--p 00002000 08:06 15338945                   /lib/x86_64-linux-gnu/libdl-2.15.so
7f6cdec95000-7f6cdec96000 rw-p 00003000 08:06 15338945                   /lib/x86_64-linux-gnu/libdl-2.15.so
7f6cdec96000-7f6cdee4b000 r-xp 00000000 08:06 15338930                   /lib/x86_64-linux-gnu/libc-2.15.so
7f6cdee4b000-7f6cdf04a000 ---p 001b5000 08:06 15338930                   /lib/x86_64-linux-gnu/libc-2.15.so
7f6cdf04a000-7f6cdf04e000 r--p 001b4000 08:06 15338930                   /lib/x86_64-linux-gnu/libc-2.15.so
7f6cdf04e000-7f6cdf050000 rw-p 001b8000 08:06 15338930                   /lib/x86_64-linux-gnu/libc-2.15.so
7f6cdf050000-7f6cdf055000 rw-p 00000000 00:00 0 
7f6cdf071000-7f6cdf07e000 r-xp 00000000 08:06 18755353                   /usr/lib/jvm/java-7-openjdk-amd64/jre/lib/amd64/jli/libjli.so
7f6cdf07e000-7f6cdf27d000 ---p 0000d000 08:06 18755353                   /usr/lib/jvm/java-7-openjdk-amd64/jre/lib/amd64/jli/libjli.so
7f6cdf27d000-7f6cdf27e000 r--p 0000c000 08:06 18755353                   /usr/lib/jvm/java-7-openjdk-amd64/jre/lib/amd64/jli/libjli.so
7f6cdf27e000-7f6cdf27f000 rw-p 0000d000 08:06 18755353                   /usr/lib/jvm/java-7-openjdk-amd64/jre/lib/amd64/jli/libjli.so
7f6cdf27f000-7f6cdf2a1000 r-xp 00000000 08:06 15338908                   /lib/x86_64-linux-gnu/ld-2.15.so
7f6cdf2a5000-7f6cdf2d9000 rw-p 00000000 00:00 0 
7f6cdf2d9000-7f6cdf38f000 rw-p 00000000 00:00 0 
7f6cdf38f000-7f6cdf397000 rw-s 00000000 08:06 18351908                   /tmp/hsperfdata_lucas/13071
7f6cdf397000-7f6cdf398000 rw-p 00000000 00:00 0 
7f6cdf398000-7f6cdf399000 r--p 00000000 00:00 0 
7f6cdf399000-7f6cdf39c000 ---p 00000000 00:00 0 
7f6cdf39c000-7f6cdf4a1000 rw-p 00000000 00:00 0                          [stack:13073]
7f6cdf4a1000-7f6cdf4a2000 r--p 00022000 08:06 15338908                   /lib/x86_64-linux-gnu/ld-2.15.so
7f6cdf4a2000-7f6cdf4a4000 rw-p 00023000 08:06 15338908                   /lib/x86_64-linux-gnu/ld-2.15.so
7fffd8869000-7fffd888a000 rw-p 00000000 00:00 0                          [stack]
7fffd89ff000-7fffd8a00000 r-xp 00000000 00:00 0                          [vdso]
ffffffffff600000-ffffffffff601000 r-xp 00000000 00:00 0                  [vsyscall]

VM Arguments:
jvm_args: -Dfile.encoding=UTF-8 -Xbootclasspath:/home/lucas/Área de Trabalho/android-sdk-linux/platforms/android-17/android.jar 
java_command: org.eclipse.jdt.internal.junit.runner.RemoteTestRunner -version 3 -port 41813 -testLoaderClass org.eclipse.jdt.internal.junit4.runner.JUnit4TestLoader -loaderpluginname org.eclipse.jdt.junit4.runtime -testNameFile /tmp/testNames4644074783659451620.txt
Launcher Type: SUN_STANDARD

Environment Variables:
PATH=/usr/lib/lightdm/lightdm:/usr/local/sbin:/usr/local/bin:/usr/sbin:/usr/bin:/sbin:/bin:/usr/games:/usr/local/games
SHELL=/bin/bash
DISPLAY=:0.0

Signal Handlers:
SIGSEGV: [libjvm.so+0x857570], sa_mask[0]=0x7ffbfeff, sa_flags=0x10000004
SIGBUS: [libjvm.so+0x857570], sa_mask[0]=0x7ffbfeff, sa_flags=0x10000004
SIGFPE: [libjvm.so+0x6f8270], sa_mask[0]=0x7ffbfeff, sa_flags=0x10000004
SIGPIPE: [libjvm.so+0x6f8270], sa_mask[0]=0x7ffbfeff, sa_flags=0x10000004
SIGXFSZ: [libjvm.so+0x6f8270], sa_mask[0]=0x7ffbfeff, sa_flags=0x10000004
SIGILL: [libjvm.so+0x6f8270], sa_mask[0]=0x7ffbfeff, sa_flags=0x10000004
SIGUSR1: SIG_DFL, sa_mask[0]=0x00000000, sa_flags=0x00000000
SIGUSR2: [libjvm.so+0x6f84c0], sa_mask[0]=0x00000004, sa_flags=0x10000004
SIGHUP: SIG_DFL, sa_mask[0]=0x00000000, sa_flags=0x00000000
SIGINT: SIG_DFL, sa_mask[0]=0x00000000, sa_flags=0x00000000
SIGTERM: SIG_DFL, sa_mask[0]=0x00000000, sa_flags=0x00000000
SIGQUIT: SIG_DFL, sa_mask[0]=0x00000000, sa_flags=0x00000000


---------------  S Y S T E M  ---------------

OS:Ubuntu 12.10 (quantal)
uname:Linux 3.5.0-23-generic #35-Ubuntu SMP Thu Jan 24 13:15:40 UTC 2013 x86_64
libc:glibc 2.15 NPTL 2.15 
rlimit: STACK 8192k, CORE 0k, NPROC 46575, NOFILE 4096, AS infinity
load average:2.30 1.81 1.68

/proc/meminfo:
MemTotal:        5980000 kB
MemFree:          180844 kB
Buffers:          143308 kB
Cached:          1711680 kB
SwapCached:         2848 kB
Active:          3622248 kB
Inactive:        1827744 kB
Active(anon):    2714476 kB
Inactive(anon):   919248 kB
Active(file):     907772 kB
Inactive(file):   908496 kB
Unevictable:       31440 kB
Mlocked:           31440 kB
SwapTotal:       3999740 kB
SwapFree:        3996580 kB
Dirty:                48 kB
Writeback:             0 kB
AnonPages:       3623700 kB
Mapped:           275260 kB
Shmem:             32892 kB
Slab:             183168 kB
SReclaimable:     150896 kB
SUnreclaim:        32272 kB
KernelStack:        5144 kB
PageTables:        46380 kB
NFS_Unstable:          0 kB
Bounce:                0 kB
WritebackTmp:          0 kB
CommitLimit:     6989740 kB
Committed_AS:   10437052 kB
VmallocTotal:   34359738367 kB
VmallocUsed:      411984 kB
VmallocChunk:   34359320700 kB
HardwareCorrupted:     0 kB
AnonHugePages:         0 kB
HugePages_Total:       0
HugePages_Free:        0
HugePages_Rsvd:        0
HugePages_Surp:        0
Hugepagesize:       2048 kB
DirectMap4k:      348160 kB
DirectMap2M:     5851136 kB


CPU:total 4 (2 cores per cpu, 2 threads per core) family 6 model 58 stepping 9, cmov, cx8, fxsr, mmx, sse, sse2, sse3, ssse3, sse4.1, sse4.2, popcnt, avx, ht, tsc, tscinvbit, tscinv

/proc/cpuinfo:
processor	: 0
vendor_id	: GenuineIntel
cpu family	: 6
model		: 58
model name	: Intel(R) Core(TM) i5-3210M CPU @ 2.50GHz
stepping	: 9
microcode	: 0x12
cpu MHz		: 2501.000
cache size	: 3072 KB
physical id	: 0
siblings	: 4
core id		: 0
cpu cores	: 2
apicid		: 0
initial apicid	: 0
fpu		: yes
fpu_exception	: yes
cpuid level	: 13
wp		: yes
flags		: fpu vme de pse tsc msr pae mce cx8 apic sep mtrr pge mca cmov pat pse36 clflush dts acpi mmx fxsr sse sse2 ss ht tm pbe syscall nx rdtscp lm constant_tsc arch_perfmon pebs bts rep_good nopl xtopology nonstop_tsc aperfmperf pni pclmulqdq dtes64 monitor ds_cpl vmx est tm2 ssse3 cx16 xtpr pdcm pcid sse4_1 sse4_2 x2apic popcnt tsc_deadline_timer aes xsave avx f16c rdrand lahf_lm ida arat epb xsaveopt pln pts dtherm tpr_shadow vnmi flexpriority ept vpid fsgsbase smep erms
bogomips	: 4988.75
clflush size	: 64
cache_alignment	: 64
address sizes	: 36 bits physical, 48 bits virtual
power management:

processor	: 1
vendor_id	: GenuineIntel
cpu family	: 6
model		: 58
model name	: Intel(R) Core(TM) i5-3210M CPU @ 2.50GHz
stepping	: 9
microcode	: 0x12
cpu MHz		: 2501.000
cache size	: 3072 KB
physical id	: 0
siblings	: 4
core id		: 0
cpu cores	: 2
apicid		: 1
initial apicid	: 1
fpu		: yes
fpu_exception	: yes
cpuid level	: 13
wp		: yes
flags		: fpu vme de pse tsc msr pae mce cx8 apic sep mtrr pge mca cmov pat pse36 clflush dts acpi mmx fxsr sse sse2 ss ht tm pbe syscall nx rdtscp lm constant_tsc arch_perfmon pebs bts rep_good nopl xtopology nonstop_tsc aperfmperf pni pclmulqdq dtes64 monitor ds_cpl vmx est tm2 ssse3 cx16 xtpr pdcm pcid sse4_1 sse4_2 x2apic popcnt tsc_deadline_timer aes xsave avx f16c rdrand lahf_lm ida arat epb xsaveopt pln pts dtherm tpr_shadow vnmi flexpriority ept vpid fsgsbase smep erms
bogomips	: 4988.75
clflush size	: 64
cache_alignment	: 64
address sizes	: 36 bits physical, 48 bits virtual
power management:

processor	: 2
vendor_id	: GenuineIntel
cpu family	: 6
model		: 58
model name	: Intel(R) Core(TM) i5-3210M CPU @ 2.50GHz
stepping	: 9
microcode	: 0x12
cpu MHz		: 2501.000
cache size	: 3072 KB
physical id	: 0
siblings	: 4
core id		: 1
cpu cores	: 2
apicid		: 2
initial apicid	: 2
fpu		: yes
fpu_exception	: yes
cpuid level	: 13
wp		: yes
flags		: fpu vme de pse tsc msr pae mce cx8 apic sep mtrr pge mca cmov pat pse36 clflush dts acpi mmx fxsr sse sse2 ss ht tm pbe syscall nx rdtscp lm constant_tsc arch_perfmon pebs bts rep_good nopl xtopology nonstop_tsc aperfmperf pni pclmulqdq dtes64 monitor ds_cpl vmx est tm2 ssse3 cx16 xtpr pdcm pcid sse4_1 sse4_2 x2apic popcnt tsc_deadline_timer aes xsave avx f16c rdrand lahf_lm ida arat epb xsaveopt pln pts dtherm tpr_shadow vnmi flexpriority ept vpid fsgsbase smep erms
bogomips	: 4988.75
clflush size	: 64
cache_alignment	: 64
address sizes	: 36 bits physical, 48 bits virtual
power management:

processor	: 3
vendor_id	: GenuineIntel
cpu family	: 6
model		: 58
model name	: Intel(R) Core(TM) i5-3210M CPU @ 2.50GHz
stepping	: 9
microcode	: 0x12
cpu MHz		: 2200.000
cache size	: 3072 KB
physical id	: 0
siblings	: 4
core id		: 1
cpu cores	: 2
apicid		: 3
initial apicid	: 3
fpu		: yes
fpu_exception	: yes
cpuid level	: 13
wp		: yes
flags		: fpu vme de pse tsc msr pae mce cx8 apic sep mtrr pge mca cmov pat pse36 clflush dts acpi mmx fxsr sse sse2 ss ht tm pbe syscall nx rdtscp lm constant_tsc arch_perfmon pebs bts rep_good nopl xtopology nonstop_tsc aperfmperf pni pclmulqdq dtes64 monitor ds_cpl vmx est tm2 ssse3 cx16 xtpr pdcm pcid sse4_1 sse4_2 x2apic popcnt tsc_deadline_timer aes xsave avx f16c rdrand lahf_lm ida arat epb xsaveopt pln pts dtherm tpr_shadow vnmi flexpriority ept vpid fsgsbase smep erms
bogomips	: 4988.75
clflush size	: 64
cache_alignment	: 64
address sizes	: 36 bits physical, 48 bits virtual
power management:



Memory: 4k page, physical 5980000k(180844k free), swap 3999740k(3996580k free)

vm_info: OpenJDK 64-Bit Server VM (23.7-b01) for linux-amd64 JRE (1.7.0_13-b20), built on Feb 13 2013 03:16:52 by "buildd" with gcc 4.7.2

time: Mon Feb 18 01:31:39 2013
elapsed time: 0 seconds

