#
# A fatal error has been detected by the Java Runtime Environment:
#
#  Internal Error (javaClasses.cpp:124), pid=4507, tid=140484250928896
#  fatal error: Invalid layout of preloaded class
#
# JRE version:  (8.0_05-b13) (build )
# Java VM: Java HotSpot(TM) 64-Bit Server VM (25.5-b02 mixed mode linux-amd64 compressed oops)
# Failed to write core dump. Core dumps have been disabled. To enable core dumping, try "ulimit -c unlimited" before starting Java again
#
# If you would like to submit a bug report, please visit:
#   http://bugreport.sun.com/bugreport/crash.jsp
#

---------------  T H R E A D  ---------------

Current thread (0x00007fc50000a000):  JavaThread "Unknown thread" [_thread_in_vm, id=4513, stack(0x00007fc509cf8000,0x00007fc509df9000)]

Stack: [0x00007fc509cf8000,0x00007fc509df9000],  sp=0x00007fc509df7810,  free space=1022k
Native frames: (J=compiled Java code, j=interpreted, Vv=VM code, C=native code)
V  [libjvm.so+0xa2f43a]  VMError::report_and_die()+0x2ca
V  [libjvm.so+0x4b2809]  report_fatal(char const*, int, char const*)+0x59
V  [libjvm.so+0x63016c]  compute_offset(int&, Klass*, Symbol*, Symbol*, bool)+0x20c
V  [libjvm.so+0x630f19]  java_lang_String::compute_offsets()+0x39
V  [libjvm.so+0x9aeb46]  SystemDictionary::initialize_preloaded_classes(Thread*)+0x86
V  [libjvm.so+0x9fc79c]  Universe::genesis(Thread*)+0x3cc
V  [libjvm.so+0x9fca4c]  universe2_init()+0x2c
V  [libjvm.so+0x5d461d]  init_globals()+0xbd
V  [libjvm.so+0x9e44ad]  Threads::create_vm(JavaVMInitArgs*, bool*)+0x24d
V  [libjvm.so+0x6659f4]  JNI_CreateJavaVM+0x74
C  [libjli.so+0x703e]  JavaMain+0x9e


---------------  P R O C E S S  ---------------

Java Threads: ( => current thread )

Other Threads:

=>0x00007fc50000a000 (exited) JavaThread "Unknown thread" [_thread_in_vm, id=4513, stack(0x00007fc509cf8000,0x00007fc509df9000)]

VM state:not at safepoint (not fully initialized)

VM Mutex/Monitor currently owned by a thread: None

GC Heap History (0 events):
No events

Deoptimization events (0 events):
No events

Internal exceptions (0 events):
No events

Events (10 events):
Event: 0.020 loading class java/lang/CharSequence done
Event: 0.020 loading class java/lang/String done
Event: 0.020 loading class java/lang/Class
Event: 0.020 loading class java/lang/reflect/AnnotatedElement
Event: 0.020 loading class java/lang/reflect/AnnotatedElement done
Event: 0.020 loading class java/lang/reflect/GenericDeclaration
Event: 0.020 loading class java/lang/reflect/GenericDeclaration done
Event: 0.020 loading class java/lang/reflect/Type
Event: 0.020 loading class java/lang/reflect/Type done
Event: 0.027 loading class java/lang/Class done


Dynamic libraries:
00400000-00401000 r-xp 00000000 08:02 3939333                            /usr/lib/jvm/java-8-oracle/bin/java
00600000-00601000 rw-p 00000000 08:02 3939333                            /usr/lib/jvm/java-8-oracle/bin/java
01d47000-01d68000 rw-p 00000000 00:00 0                                  [heap]
a4a00000-aa480000 rw-p 00000000 00:00 0 
aa480000-e1900000 ---p 00000000 00:00 0 
e1900000-e1a80000 rw-p 00000000 00:00 0 
e1a80000-100000000 ---p 00000000 00:00 0 
100000000-100060000 rw-p 00000000 00:00 0 
100060000-140000000 ---p 00000000 00:00 0 
7fc4e0000000-7fc4e0021000 rw-p 00000000 00:00 0 
7fc4e0021000-7fc4e4000000 ---p 00000000 00:00 0 
7fc4e4000000-7fc4e4021000 rw-p 00000000 00:00 0 
7fc4e4021000-7fc4e8000000 ---p 00000000 00:00 0 
7fc4e8000000-7fc4e8021000 rw-p 00000000 00:00 0 
7fc4e8021000-7fc4ec000000 ---p 00000000 00:00 0 
7fc4ee250000-7fc4f1000000 rw-p 00000000 00:00 0 
7fc4f1000000-7fc4f1270000 rwxp 00000000 00:00 0 
7fc4f1270000-7fc500000000 ---p 00000000 00:00 0 
7fc500000000-7fc500051000 rw-p 00000000 00:00 0 
7fc500051000-7fc504000000 ---p 00000000 00:00 0 
7fc50541e000-7fc505686000 rw-p 00000000 00:00 0 
7fc505686000-7fc50575d000 r--s 013fe000 08:02 26222889                   /home/camila/android-sdk-linux/platforms/android-19/android.jar
7fc50575d000-7fc505bd3000 rw-p 00000000 00:00 0 
7fc505bd3000-7fc505fd3000 ---p 00000000 00:00 0 
7fc505fd3000-7fc5062ae000 rw-p 00000000 00:00 0 
7fc5062ae000-7fc5062af000 ---p 00000000 00:00 0 
7fc5062af000-7fc5063af000 rw-p 00000000 00:00 0                          [stack:4517]
7fc5063af000-7fc5063b0000 ---p 00000000 00:00 0 
7fc5063b0000-7fc5064b0000 rw-p 00000000 00:00 0                          [stack:4516]
7fc5064b0000-7fc5064b1000 ---p 00000000 00:00 0 
7fc5064b1000-7fc5065b1000 rw-p 00000000 00:00 0                          [stack:4515]
7fc5065b1000-7fc5065b2000 ---p 00000000 00:00 0 
7fc5065b2000-7fc5066e0000 rw-p 00000000 00:00 0                          [stack:4514]
7fc5066e0000-7fc50689a000 ---p 00000000 00:00 0 
7fc50689a000-7fc5068c8000 rw-p 00000000 00:00 0 
7fc5068c8000-7fc506a81000 ---p 00000000 00:00 0 
7fc506a81000-7fc506a83000 rw-p 00000000 00:00 0 
7fc506a83000-7fc506b75000 ---p 00000000 00:00 0 
7fc506b75000-7fc506b80000 rw-p 00000000 00:00 0 
7fc506b80000-7fc506f36000 ---p 00000000 00:00 0 
7fc506f36000-7fc506f52000 r-xp 00000000 08:02 3939067                    /usr/lib/jvm/java-8-oracle/jre/lib/amd64/libzip.so
7fc506f52000-7fc507151000 ---p 0001c000 08:02 3939067                    /usr/lib/jvm/java-8-oracle/jre/lib/amd64/libzip.so
7fc507151000-7fc507152000 rw-p 0001b000 08:02 3939067                    /usr/lib/jvm/java-8-oracle/jre/lib/amd64/libzip.so
7fc507152000-7fc50715d000 r-xp 00000000 08:02 27263178                   /lib/x86_64-linux-gnu/libnss_files-2.19.so
7fc50715d000-7fc50735c000 ---p 0000b000 08:02 27263178                   /lib/x86_64-linux-gnu/libnss_files-2.19.so
7fc50735c000-7fc50735d000 r--p 0000a000 08:02 27263178                   /lib/x86_64-linux-gnu/libnss_files-2.19.so
7fc50735d000-7fc50735e000 rw-p 0000b000 08:02 27263178                   /lib/x86_64-linux-gnu/libnss_files-2.19.so
7fc50735e000-7fc507369000 r-xp 00000000 08:02 27263185                   /lib/x86_64-linux-gnu/libnss_nis-2.19.so
7fc507369000-7fc507568000 ---p 0000b000 08:02 27263185                   /lib/x86_64-linux-gnu/libnss_nis-2.19.so
7fc507568000-7fc507569000 r--p 0000a000 08:02 27263185                   /lib/x86_64-linux-gnu/libnss_nis-2.19.so
7fc507569000-7fc50756a000 rw-p 0000b000 08:02 27263185                   /lib/x86_64-linux-gnu/libnss_nis-2.19.so
7fc50756a000-7fc507581000 r-xp 00000000 08:02 27263182                   /lib/x86_64-linux-gnu/libnsl-2.19.so
7fc507581000-7fc507780000 ---p 00017000 08:02 27263182                   /lib/x86_64-linux-gnu/libnsl-2.19.so
7fc507780000-7fc507781000 r--p 00016000 08:02 27263182                   /lib/x86_64-linux-gnu/libnsl-2.19.so
7fc507781000-7fc507782000 rw-p 00017000 08:02 27263182                   /lib/x86_64-linux-gnu/libnsl-2.19.so
7fc507782000-7fc507784000 rw-p 00000000 00:00 0 
7fc507784000-7fc50778d000 r-xp 00000000 08:02 27263186                   /lib/x86_64-linux-gnu/libnss_compat-2.19.so
7fc50778d000-7fc50798c000 ---p 00009000 08:02 27263186                   /lib/x86_64-linux-gnu/libnss_compat-2.19.so
7fc50798c000-7fc50798d000 r--p 00008000 08:02 27263186                   /lib/x86_64-linux-gnu/libnss_compat-2.19.so
7fc50798d000-7fc50798e000 rw-p 00009000 08:02 27263186                   /lib/x86_64-linux-gnu/libnss_compat-2.19.so
7fc50798e000-7fc5079b8000 r-xp 00000000 08:02 3939309                    /usr/lib/jvm/java-8-oracle/jre/lib/amd64/libjava.so
7fc5079b8000-7fc507bb8000 ---p 0002a000 08:02 3939309                    /usr/lib/jvm/java-8-oracle/jre/lib/amd64/libjava.so
7fc507bb8000-7fc507bba000 rw-p 0002a000 08:02 3939309                    /usr/lib/jvm/java-8-oracle/jre/lib/amd64/libjava.so
7fc507bba000-7fc507bc7000 r-xp 00000000 08:02 3939045                    /usr/lib/jvm/java-8-oracle/jre/lib/amd64/libverify.so
7fc507bc7000-7fc507dc7000 ---p 0000d000 08:02 3939045                    /usr/lib/jvm/java-8-oracle/jre/lib/amd64/libverify.so
7fc507dc7000-7fc507dc9000 rw-p 0000d000 08:02 3939045                    /usr/lib/jvm/java-8-oracle/jre/lib/amd64/libverify.so
7fc507dc9000-7fc507dd0000 r-xp 00000000 08:02 27263193                   /lib/x86_64-linux-gnu/librt-2.19.so
7fc507dd0000-7fc507fcf000 ---p 00007000 08:02 27263193                   /lib/x86_64-linux-gnu/librt-2.19.so
7fc507fcf000-7fc507fd0000 r--p 00006000 08:02 27263193                   /lib/x86_64-linux-gnu/librt-2.19.so
7fc507fd0000-7fc507fd1000 rw-p 00007000 08:02 27263193                   /lib/x86_64-linux-gnu/librt-2.19.so
7fc507fd1000-7fc5080d6000 r-xp 00000000 08:02 27263179                   /lib/x86_64-linux-gnu/libm-2.19.so
7fc5080d6000-7fc5082d5000 ---p 00105000 08:02 27263179                   /lib/x86_64-linux-gnu/libm-2.19.so
7fc5082d5000-7fc5082d6000 r--p 00104000 08:02 27263179                   /lib/x86_64-linux-gnu/libm-2.19.so
7fc5082d6000-7fc5082d7000 rw-p 00105000 08:02 27263179                   /lib/x86_64-linux-gnu/libm-2.19.so
7fc5082d7000-7fc508ef1000 r-xp 00000000 08:02 3939084                    /usr/lib/jvm/java-8-oracle/jre/lib/amd64/server/libjvm.so
7fc508ef1000-7fc5090f0000 ---p 00c1a000 08:02 3939084                    /usr/lib/jvm/java-8-oracle/jre/lib/amd64/server/libjvm.so
7fc5090f0000-7fc5091b9000 rw-p 00c19000 08:02 3939084                    /usr/lib/jvm/java-8-oracle/jre/lib/amd64/server/libjvm.so
7fc5091b9000-7fc5091fa000 rw-p 00000000 00:00 0 
7fc5091fa000-7fc5093b6000 r-xp 00000000 08:02 27263176                   /lib/x86_64-linux-gnu/libc-2.19.so
7fc5093b6000-7fc5095b5000 ---p 001bc000 08:02 27263176                   /lib/x86_64-linux-gnu/libc-2.19.so
7fc5095b5000-7fc5095b9000 r--p 001bb000 08:02 27263176                   /lib/x86_64-linux-gnu/libc-2.19.so
7fc5095b9000-7fc5095bb000 rw-p 001bf000 08:02 27263176                   /lib/x86_64-linux-gnu/libc-2.19.so
7fc5095bb000-7fc5095c0000 rw-p 00000000 00:00 0 
7fc5095c0000-7fc5095c3000 r-xp 00000000 08:02 27263189                   /lib/x86_64-linux-gnu/libdl-2.19.so
7fc5095c3000-7fc5097c2000 ---p 00003000 08:02 27263189                   /lib/x86_64-linux-gnu/libdl-2.19.so
7fc5097c2000-7fc5097c3000 r--p 00002000 08:02 27263189                   /lib/x86_64-linux-gnu/libdl-2.19.so
7fc5097c3000-7fc5097c4000 rw-p 00003000 08:02 27263189                   /lib/x86_64-linux-gnu/libdl-2.19.so
7fc5097c4000-7fc5097db000 r-xp 00000000 08:02 8267805                    /usr/lib/jvm/java-8-oracle/lib/amd64/jli/libjli.so
7fc5097db000-7fc5099da000 ---p 00017000 08:02 8267805                    /usr/lib/jvm/java-8-oracle/lib/amd64/jli/libjli.so
7fc5099da000-7fc5099db000 rw-p 00016000 08:02 8267805                    /usr/lib/jvm/java-8-oracle/lib/amd64/jli/libjli.so
7fc5099db000-7fc5099f4000 r-xp 00000000 08:02 27263192                   /lib/x86_64-linux-gnu/libpthread-2.19.so
7fc5099f4000-7fc509bf3000 ---p 00019000 08:02 27263192                   /lib/x86_64-linux-gnu/libpthread-2.19.so
7fc509bf3000-7fc509bf4000 r--p 00018000 08:02 27263192                   /lib/x86_64-linux-gnu/libpthread-2.19.so
7fc509bf4000-7fc509bf5000 rw-p 00019000 08:02 27263192                   /lib/x86_64-linux-gnu/libpthread-2.19.so
7fc509bf5000-7fc509bf9000 rw-p 00000000 00:00 0 
7fc509bf9000-7fc509c1c000 r-xp 00000000 08:02 27263175                   /lib/x86_64-linux-gnu/ld-2.19.so
7fc509c31000-7fc509cf8000 rw-p 00000000 00:00 0 
7fc509cf8000-7fc509cfb000 ---p 00000000 00:00 0 
7fc509cfb000-7fc509dfd000 rw-p 00000000 00:00 0                          [stack:4513]
7fc509e0d000-7fc509e0f000 rw-p 00000000 00:00 0 
7fc509e0f000-7fc509e17000 rw-s 00000000 08:02 20971707                   /tmp/hsperfdata_camila/4507
7fc509e17000-7fc509e18000 rw-p 00000000 00:00 0 
7fc509e18000-7fc509e19000 r--p 00000000 00:00 0 
7fc509e19000-7fc509e1b000 rw-p 00000000 00:00 0 
7fc509e1b000-7fc509e1c000 r--p 00022000 08:02 27263175                   /lib/x86_64-linux-gnu/ld-2.19.so
7fc509e1c000-7fc509e1d000 rw-p 00023000 08:02 27263175                   /lib/x86_64-linux-gnu/ld-2.19.so
7fc509e1d000-7fc509e1e000 rw-p 00000000 00:00 0 
7fff6ab03000-7fff6ab24000 rw-p 00000000 00:00 0                          [stack]
7fff6ab7b000-7fff6ab7d000 r-xp 00000000 00:00 0                          [vdso]
ffffffffff600000-ffffffffff601000 r-xp 00000000 00:00 0                  [vsyscall]

VM Arguments:
jvm_args: -Dfile.encoding=UTF-8 -Xbootclasspath:/home/camila/android-sdk-linux/platforms/android-19/android.jar 
java_command: org.eclipse.jdt.internal.junit.runner.RemoteTestRunner -version 3 -port 46991 -testLoaderClass org.eclipse.jdt.internal.junit4.runner.JUnit4TestLoader -loaderpluginname org.eclipse.jdt.junit4.runtime -classNames jogo.TestLearnPersistence
java_class_path (initial): /home/camila/Documentos/ProjetosTP/ABCDario/libs/android-support-v4.jar:/usr/share/eclipse/dropins/jdt/plugins/org.junit_4.8.2.dist/junit.jar:/usr/share/eclipse/dropins/jdt/plugins/org.hamcrest.core_1.3.0.jar:/home/camila/Documentos/ProjetosTP/ABCDario/bin/classes:/home/camila/.eclipse/org.eclipse.platform_3.8_155965261/configuration/org.eclipse.osgi/bundles/274/1/.cp/:/home/camila/.eclipse/org.eclipse.platform_3.8_155965261/configuration/org.eclipse.osgi/bundles/273/1/.cp/
Launcher Type: SUN_STANDARD

Environment Variables:
PATH=/usr/local/sbin:/usr/local/bin:/usr/sbin:/usr/bin:/sbin:/bin:/usr/games:/usr/local/games
SHELL=/bin/bash
DISPLAY=:0

Signal Handlers:
SIGSEGV: [libjvm.so+0xa2fc90], sa_mask[0]=0x7ffbfeff, sa_flags=0x10000004
SIGBUS: [libjvm.so+0xa2fc90], sa_mask[0]=0x7ffbfeff, sa_flags=0x10000004
SIGFPE: [libjvm.so+0x89b4b0], sa_mask[0]=0x7ffbfeff, sa_flags=0x10000004
SIGPIPE: [libjvm.so+0x89b4b0], sa_mask[0]=0x7ffbfeff, sa_flags=0x10000004
SIGXFSZ: [libjvm.so+0x89b4b0], sa_mask[0]=0x7ffbfeff, sa_flags=0x10000004
SIGILL: [libjvm.so+0x89b4b0], sa_mask[0]=0x7ffbfeff, sa_flags=0x10000004
SIGUSR1: SIG_DFL, sa_mask[0]=0x00000000, sa_flags=0x00000000
SIGUSR2: [libjvm.so+0x89cc50], sa_mask[0]=0x00000004, sa_flags=0x10000004
SIGHUP: SIG_DFL, sa_mask[0]=0x00000000, sa_flags=0x00000000
SIGINT: SIG_DFL, sa_mask[0]=0x00000000, sa_flags=0x00000000
SIGTERM: SIG_DFL, sa_mask[0]=0x00000000, sa_flags=0x00000000
SIGQUIT: SIG_DFL, sa_mask[0]=0x00000000, sa_flags=0x00000000


---------------  S Y S T E M  ---------------

OS:DISTRIB_ID=Ubuntu
DISTRIB_RELEASE=14.04
DISTRIB_CODENAME=trusty
DISTRIB_DESCRIPTION="Ubuntu 14.04 LTS"

uname:Linux 3.13.0-27-generic #50-Ubuntu SMP Thu May 15 18:06:16 UTC 2014 x86_64
libc:glibc 2.19 NPTL 2.19 
rlimit: STACK 8192k, CORE 0k, NPROC 46406, NOFILE 4096, AS infinity
load average:1.22 1.24 1.98

/proc/meminfo:
MemTotal:        5987652 kB
MemFree:         2071432 kB
Buffers:          102972 kB
Cached:          1590268 kB
SwapCached:            0 kB
Active:          2545720 kB
Inactive:        1130968 kB
Active(anon):    1985664 kB
Inactive(anon):   360124 kB
Active(file):     560056 kB
Inactive(file):   770844 kB
Unevictable:           0 kB
Mlocked:               0 kB
SwapTotal:       6166524 kB
SwapFree:        6166524 kB
Dirty:                44 kB
Writeback:             0 kB
AnonPages:       1983540 kB
Mapped:           333608 kB
Shmem:            362344 kB
Slab:             119952 kB
SReclaimable:      87988 kB
SUnreclaim:        31964 kB
KernelStack:        4352 kB
PageTables:        35776 kB
NFS_Unstable:          0 kB
Bounce:                0 kB
WritebackTmp:          0 kB
CommitLimit:     9160348 kB
Committed_AS:    5795992 kB
VmallocTotal:   34359738367 kB
VmallocUsed:      356832 kB
VmallocChunk:   34359373276 kB
HardwareCorrupted:     0 kB
AnonHugePages:    966656 kB
HugePages_Total:       0
HugePages_Free:        0
HugePages_Rsvd:        0
HugePages_Surp:        0
Hugepagesize:       2048 kB
DirectMap4k:       84080 kB
DirectMap2M:     6082560 kB


CPU:total 4 (2 cores per cpu, 2 threads per core) family 6 model 58 stepping 9, cmov, cx8, fxsr, mmx, sse, sse2, sse3, ssse3, sse4.1, sse4.2, popcnt, avx, aes, clmul, erms, ht, tsc, tscinvbit

/proc/cpuinfo:
processor	: 0
vendor_id	: GenuineIntel
cpu family	: 6
model		: 58
model name	: Intel(R) Core(TM) i5-3210M CPU @ 2.50GHz
stepping	: 9
microcode	: 0x12
cpu MHz		: 2400.000
cache size	: 3072 KB
physical id	: 0
siblings	: 4
core id		: 0
cpu cores	: 2
apicid		: 0
initial apicid	: 0
fpu		: yes
fpu_exception	: yes
cpuid level	: 13
wp		: yes
flags		: fpu vme de pse tsc msr pae mce cx8 apic sep mtrr pge mca cmov pat pse36 clflush dts acpi mmx fxsr sse sse2 ss ht tm pbe syscall nx rdtscp lm constant_tsc arch_perfmon pebs bts rep_good nopl xtopology nonstop_tsc aperfmperf eagerfpu pni pclmulqdq dtes64 monitor ds_cpl vmx est tm2 ssse3 cx16 xtpr pdcm pcid sse4_1 sse4_2 x2apic popcnt tsc_deadline_timer aes xsave avx f16c rdrand lahf_lm ida arat epb xsaveopt pln pts dtherm tpr_shadow vnmi flexpriority ept vpid fsgsbase smep erms
bogomips	: 4988.75
clflush size	: 64
cache_alignment	: 64
address sizes	: 36 bits physical, 48 bits virtual
power management:

processor	: 1
vendor_id	: GenuineIntel
cpu family	: 6
model		: 58
model name	: Intel(R) Core(TM) i5-3210M CPU @ 2.50GHz
stepping	: 9
microcode	: 0x12
cpu MHz		: 2501.000
cache size	: 3072 KB
physical id	: 0
siblings	: 4
core id		: 1
cpu cores	: 2
apicid		: 2
initial apicid	: 2
fpu		: yes
fpu_exception	: yes
cpuid level	: 13
wp		: yes
flags		: fpu vme de pse tsc msr pae mce cx8 apic sep mtrr pge mca cmov pat pse36 clflush dts acpi mmx fxsr sse sse2 ss ht tm pbe syscall nx rdtscp lm constant_tsc arch_perfmon pebs bts rep_good nopl xtopology nonstop_tsc aperfmperf eagerfpu pni pclmulqdq dtes64 monitor ds_cpl vmx est tm2 ssse3 cx16 xtpr pdcm pcid sse4_1 sse4_2 x2apic popcnt tsc_deadline_timer aes xsave avx f16c rdrand lahf_lm ida arat epb xsaveopt pln pts dtherm tpr_shadow vnmi flexpriority ept vpid fsgsbase smep erms
bogomips	: 4988.75
clflush size	: 64
cache_alignment	: 64
address sizes	: 36 bits physical, 48 bits virtual
power management:

processor	: 2
vendor_id	: GenuineIntel
cpu family	: 6
model		: 58
model name	: Intel(R) Core(TM) i5-3210M CPU @ 2.50GHz
stepping	: 9
microcode	: 0x12
cpu MHz		: 1800.000
cache size	: 3072 KB
physical id	: 0
siblings	: 4
core id		: 0
cpu cores	: 2
apicid		: 1
initial apicid	: 1
fpu		: yes
fpu_exception	: yes
cpuid level	: 13
wp		: yes
flags		: fpu vme de pse tsc msr pae mce cx8 apic sep mtrr pge mca cmov pat pse36 clflush dts acpi mmx fxsr sse sse2 ss ht tm pbe syscall nx rdtscp lm constant_tsc arch_perfmon pebs bts rep_good nopl xtopology nonstop_tsc aperfmperf eagerfpu pni pclmulqdq dtes64 monitor ds_cpl vmx est tm2 ssse3 cx16 xtpr pdcm pcid sse4_1 sse4_2 x2apic popcnt tsc_deadline_timer aes xsave avx f16c rdrand lahf_lm ida arat epb xsaveopt pln pts dtherm tpr_shadow vnmi flexpriority ept vpid fsgsbase smep erms
bogomips	: 4988.75
clflush size	: 64
cache_alignment	: 64
address sizes	: 36 bits physical, 48 bits virtual
power management:

processor	: 3
vendor_id	: GenuineIntel
cpu family	: 6
model		: 58
model name	: Intel(R) Core(TM) i5-3210M CPU @ 2.50GHz
stepping	: 9
microcode	: 0x12
cpu MHz		: 2501.000
cache size	: 3072 KB
physical id	: 0
siblings	: 4
core id		: 1
cpu cores	: 2
apicid		: 3
initial apicid	: 3
fpu		: yes
fpu_exception	: yes
cpuid level	: 13
wp		: yes
flags		: fpu vme de pse tsc msr pae mce cx8 apic sep mtrr pge mca cmov pat pse36 clflush dts acpi mmx fxsr sse sse2 ss ht tm pbe syscall nx rdtscp lm constant_tsc arch_perfmon pebs bts rep_good nopl xtopology nonstop_tsc aperfmperf eagerfpu pni pclmulqdq dtes64 monitor ds_cpl vmx est tm2 ssse3 cx16 xtpr pdcm pcid sse4_1 sse4_2 x2apic popcnt tsc_deadline_timer aes xsave avx f16c rdrand lahf_lm ida arat epb xsaveopt pln pts dtherm tpr_shadow vnmi flexpriority ept vpid fsgsbase smep erms
bogomips	: 4988.75
clflush size	: 64
cache_alignment	: 64
address sizes	: 36 bits physical, 48 bits virtual
power management:



Memory: 4k page, physical 5987652k(2071432k free), swap 6166524k(6166524k free)

vm_info: Java HotSpot(TM) 64-Bit Server VM (25.5-b02) for linux-amd64 JRE (1.8.0_05-b13), built on Mar 18 2014 00:29:27 by "java_re" with gcc 4.3.0 20080428 (Red Hat 4.3.0-8)

time: Thu May 29 11:31:52 2014
elapsed time: 0 seconds

