#
# A fatal error has been detected by the Java Runtime Environment:
#
#  Internal Error (javaClasses.cpp:124), pid=4492, tid=140126011995904
#  fatal error: Invalid layout of preloaded class
#
# JRE version:  (8.0_05-b13) (build )
# Java VM: Java HotSpot(TM) 64-Bit Server VM (25.5-b02 mixed mode linux-amd64 compressed oops)
# Failed to write core dump. Core dumps have been disabled. To enable core dumping, try "ulimit -c unlimited" before starting Java again
#
# If you would like to submit a bug report, please visit:
#   http://bugreport.sun.com/bugreport/crash.jsp
#

---------------  T H R E A D  ---------------

Current thread (0x00007f719800a000):  JavaThread "Unknown thread" [_thread_in_vm, id=4499, stack(0x00007f71a11b3000,0x00007f71a12b4000)]

Stack: [0x00007f71a11b3000,0x00007f71a12b4000],  sp=0x00007f71a12b2810,  free space=1022k
Native frames: (J=compiled Java code, j=interpreted, Vv=VM code, C=native code)
V  [libjvm.so+0xa2f43a]  VMError::report_and_die()+0x2ca
V  [libjvm.so+0x4b2809]  report_fatal(char const*, int, char const*)+0x59
V  [libjvm.so+0x63016c]  compute_offset(int&, Klass*, Symbol*, Symbol*, bool)+0x20c
V  [libjvm.so+0x630f19]  java_lang_String::compute_offsets()+0x39
V  [libjvm.so+0x9aeb46]  SystemDictionary::initialize_preloaded_classes(Thread*)+0x86
V  [libjvm.so+0x9fc79c]  Universe::genesis(Thread*)+0x3cc
V  [libjvm.so+0x9fca4c]  universe2_init()+0x2c
V  [libjvm.so+0x5d461d]  init_globals()+0xbd
V  [libjvm.so+0x9e44ad]  Threads::create_vm(JavaVMInitArgs*, bool*)+0x24d
V  [libjvm.so+0x6659f4]  JNI_CreateJavaVM+0x74
C  [libjli.so+0x703e]  JavaMain+0x9e


---------------  P R O C E S S  ---------------

Java Threads: ( => current thread )

Other Threads:

=>0x00007f719800a000 (exited) JavaThread "Unknown thread" [_thread_in_vm, id=4499, stack(0x00007f71a11b3000,0x00007f71a12b4000)]

VM state:not at safepoint (not fully initialized)

VM Mutex/Monitor currently owned by a thread: None

GC Heap History (0 events):
No events

Deoptimization events (0 events):
No events

Internal exceptions (0 events):
No events

Events (10 events):
Event: 0.008 loading class java/lang/CharSequence done
Event: 0.008 loading class java/lang/String done
Event: 0.008 loading class java/lang/Class
Event: 0.008 loading class java/lang/reflect/AnnotatedElement
Event: 0.008 loading class java/lang/reflect/AnnotatedElement done
Event: 0.008 loading class java/lang/reflect/GenericDeclaration
Event: 0.008 loading class java/lang/reflect/GenericDeclaration done
Event: 0.008 loading class java/lang/reflect/Type
Event: 0.008 loading class java/lang/reflect/Type done
Event: 0.008 loading class java/lang/Class done


Dynamic libraries:
00400000-00401000 r-xp 00000000 08:02 3939333                            /usr/lib/jvm/java-8-oracle/bin/java
00600000-00601000 rw-p 00000000 08:02 3939333                            /usr/lib/jvm/java-8-oracle/bin/java
00e8f000-00eb0000 rw-p 00000000 00:00 0                                  [heap]
a4a00000-aa480000 rw-p 00000000 00:00 0 
aa480000-e1900000 ---p 00000000 00:00 0 
e1900000-e1a80000 rw-p 00000000 00:00 0 
e1a80000-100000000 ---p 00000000 00:00 0 
100000000-100060000 rw-p 00000000 00:00 0 
100060000-140000000 ---p 00000000 00:00 0 
7f7178000000-7f7178021000 rw-p 00000000 00:00 0 
7f7178021000-7f717c000000 ---p 00000000 00:00 0 
7f717c000000-7f717c021000 rw-p 00000000 00:00 0 
7f717c021000-7f7180000000 ---p 00000000 00:00 0 
7f7180000000-7f7180021000 rw-p 00000000 00:00 0 
7f7180021000-7f7184000000 ---p 00000000 00:00 0 
7f7186250000-7f7189000000 rw-p 00000000 00:00 0 
7f7189000000-7f7189270000 rwxp 00000000 00:00 0 
7f7189270000-7f7198000000 ---p 00000000 00:00 0 
7f7198000000-7f7198051000 rw-p 00000000 00:00 0 
7f7198051000-7f719c000000 ---p 00000000 00:00 0 
7f719c8d9000-7f719cb41000 rw-p 00000000 00:00 0 
7f719cb41000-7f719cc18000 r--s 013fe000 08:02 26222889                   /home/camila/android-sdk-linux/platforms/android-19/android.jar
7f719cc18000-7f719d08e000 rw-p 00000000 00:00 0 
7f719d08e000-7f719d48e000 ---p 00000000 00:00 0 
7f719d48e000-7f719d769000 rw-p 00000000 00:00 0 
7f719d769000-7f719d76a000 ---p 00000000 00:00 0 
7f719d76a000-7f719d86a000 rw-p 00000000 00:00 0                          [stack:4503]
7f719d86a000-7f719d86b000 ---p 00000000 00:00 0 
7f719d86b000-7f719d96b000 rw-p 00000000 00:00 0                          [stack:4502]
7f719d96b000-7f719d96c000 ---p 00000000 00:00 0 
7f719d96c000-7f719da6c000 rw-p 00000000 00:00 0                          [stack:4501]
7f719da6c000-7f719da6d000 ---p 00000000 00:00 0 
7f719da6d000-7f719db9b000 rw-p 00000000 00:00 0                          [stack:4500]
7f719db9b000-7f719dd55000 ---p 00000000 00:00 0 
7f719dd55000-7f719dd83000 rw-p 00000000 00:00 0 
7f719dd83000-7f719df3c000 ---p 00000000 00:00 0 
7f719df3c000-7f719df3e000 rw-p 00000000 00:00 0 
7f719df3e000-7f719e030000 ---p 00000000 00:00 0 
7f719e030000-7f719e03b000 rw-p 00000000 00:00 0 
7f719e03b000-7f719e3f1000 ---p 00000000 00:00 0 
7f719e3f1000-7f719e40d000 r-xp 00000000 08:02 3939067                    /usr/lib/jvm/java-8-oracle/jre/lib/amd64/libzip.so
7f719e40d000-7f719e60c000 ---p 0001c000 08:02 3939067                    /usr/lib/jvm/java-8-oracle/jre/lib/amd64/libzip.so
7f719e60c000-7f719e60d000 rw-p 0001b000 08:02 3939067                    /usr/lib/jvm/java-8-oracle/jre/lib/amd64/libzip.so
7f719e60d000-7f719e618000 r-xp 00000000 08:02 27263178                   /lib/x86_64-linux-gnu/libnss_files-2.19.so
7f719e618000-7f719e817000 ---p 0000b000 08:02 27263178                   /lib/x86_64-linux-gnu/libnss_files-2.19.so
7f719e817000-7f719e818000 r--p 0000a000 08:02 27263178                   /lib/x86_64-linux-gnu/libnss_files-2.19.so
7f719e818000-7f719e819000 rw-p 0000b000 08:02 27263178                   /lib/x86_64-linux-gnu/libnss_files-2.19.so
7f719e819000-7f719e824000 r-xp 00000000 08:02 27263185                   /lib/x86_64-linux-gnu/libnss_nis-2.19.so
7f719e824000-7f719ea23000 ---p 0000b000 08:02 27263185                   /lib/x86_64-linux-gnu/libnss_nis-2.19.so
7f719ea23000-7f719ea24000 r--p 0000a000 08:02 27263185                   /lib/x86_64-linux-gnu/libnss_nis-2.19.so
7f719ea24000-7f719ea25000 rw-p 0000b000 08:02 27263185                   /lib/x86_64-linux-gnu/libnss_nis-2.19.so
7f719ea25000-7f719ea3c000 r-xp 00000000 08:02 27263182                   /lib/x86_64-linux-gnu/libnsl-2.19.so
7f719ea3c000-7f719ec3b000 ---p 00017000 08:02 27263182                   /lib/x86_64-linux-gnu/libnsl-2.19.so
7f719ec3b000-7f719ec3c000 r--p 00016000 08:02 27263182                   /lib/x86_64-linux-gnu/libnsl-2.19.so
7f719ec3c000-7f719ec3d000 rw-p 00017000 08:02 27263182                   /lib/x86_64-linux-gnu/libnsl-2.19.so
7f719ec3d000-7f719ec3f000 rw-p 00000000 00:00 0 
7f719ec3f000-7f719ec48000 r-xp 00000000 08:02 27263186                   /lib/x86_64-linux-gnu/libnss_compat-2.19.so
7f719ec48000-7f719ee47000 ---p 00009000 08:02 27263186                   /lib/x86_64-linux-gnu/libnss_compat-2.19.so
7f719ee47000-7f719ee48000 r--p 00008000 08:02 27263186                   /lib/x86_64-linux-gnu/libnss_compat-2.19.so
7f719ee48000-7f719ee49000 rw-p 00009000 08:02 27263186                   /lib/x86_64-linux-gnu/libnss_compat-2.19.so
7f719ee49000-7f719ee73000 r-xp 00000000 08:02 3939309                    /usr/lib/jvm/java-8-oracle/jre/lib/amd64/libjava.so
7f719ee73000-7f719f073000 ---p 0002a000 08:02 3939309                    /usr/lib/jvm/java-8-oracle/jre/lib/amd64/libjava.so
7f719f073000-7f719f075000 rw-p 0002a000 08:02 3939309                    /usr/lib/jvm/java-8-oracle/jre/lib/amd64/libjava.so
7f719f075000-7f719f082000 r-xp 00000000 08:02 3939045                    /usr/lib/jvm/java-8-oracle/jre/lib/amd64/libverify.so
7f719f082000-7f719f282000 ---p 0000d000 08:02 3939045                    /usr/lib/jvm/java-8-oracle/jre/lib/amd64/libverify.so
7f719f282000-7f719f284000 rw-p 0000d000 08:02 3939045                    /usr/lib/jvm/java-8-oracle/jre/lib/amd64/libverify.so
7f719f284000-7f719f28b000 r-xp 00000000 08:02 27263193                   /lib/x86_64-linux-gnu/librt-2.19.so
7f719f28b000-7f719f48a000 ---p 00007000 08:02 27263193                   /lib/x86_64-linux-gnu/librt-2.19.so
7f719f48a000-7f719f48b000 r--p 00006000 08:02 27263193                   /lib/x86_64-linux-gnu/librt-2.19.so
7f719f48b000-7f719f48c000 rw-p 00007000 08:02 27263193                   /lib/x86_64-linux-gnu/librt-2.19.so
7f719f48c000-7f719f591000 r-xp 00000000 08:02 27263179                   /lib/x86_64-linux-gnu/libm-2.19.so
7f719f591000-7f719f790000 ---p 00105000 08:02 27263179                   /lib/x86_64-linux-gnu/libm-2.19.so
7f719f790000-7f719f791000 r--p 00104000 08:02 27263179                   /lib/x86_64-linux-gnu/libm-2.19.so
7f719f791000-7f719f792000 rw-p 00105000 08:02 27263179                   /lib/x86_64-linux-gnu/libm-2.19.so
7f719f792000-7f71a03ac000 r-xp 00000000 08:02 3939084                    /usr/lib/jvm/java-8-oracle/jre/lib/amd64/server/libjvm.so
7f71a03ac000-7f71a05ab000 ---p 00c1a000 08:02 3939084                    /usr/lib/jvm/java-8-oracle/jre/lib/amd64/server/libjvm.so
7f71a05ab000-7f71a0674000 rw-p 00c19000 08:02 3939084                    /usr/lib/jvm/java-8-oracle/jre/lib/amd64/server/libjvm.so
7f71a0674000-7f71a06b5000 rw-p 00000000 00:00 0 
7f71a06b5000-7f71a0871000 r-xp 00000000 08:02 27263176                   /lib/x86_64-linux-gnu/libc-2.19.so
7f71a0871000-7f71a0a70000 ---p 001bc000 08:02 27263176                   /lib/x86_64-linux-gnu/libc-2.19.so
7f71a0a70000-7f71a0a74000 r--p 001bb000 08:02 27263176                   /lib/x86_64-linux-gnu/libc-2.19.so
7f71a0a74000-7f71a0a76000 rw-p 001bf000 08:02 27263176                   /lib/x86_64-linux-gnu/libc-2.19.so
7f71a0a76000-7f71a0a7b000 rw-p 00000000 00:00 0 
7f71a0a7b000-7f71a0a7e000 r-xp 00000000 08:02 27263189                   /lib/x86_64-linux-gnu/libdl-2.19.so
7f71a0a7e000-7f71a0c7d000 ---p 00003000 08:02 27263189                   /lib/x86_64-linux-gnu/libdl-2.19.so
7f71a0c7d000-7f71a0c7e000 r--p 00002000 08:02 27263189                   /lib/x86_64-linux-gnu/libdl-2.19.so
7f71a0c7e000-7f71a0c7f000 rw-p 00003000 08:02 27263189                   /lib/x86_64-linux-gnu/libdl-2.19.so
7f71a0c7f000-7f71a0c96000 r-xp 00000000 08:02 8267805                    /usr/lib/jvm/java-8-oracle/lib/amd64/jli/libjli.so
7f71a0c96000-7f71a0e95000 ---p 00017000 08:02 8267805                    /usr/lib/jvm/java-8-oracle/lib/amd64/jli/libjli.so
7f71a0e95000-7f71a0e96000 rw-p 00016000 08:02 8267805                    /usr/lib/jvm/java-8-oracle/lib/amd64/jli/libjli.so
7f71a0e96000-7f71a0eaf000 r-xp 00000000 08:02 27263192                   /lib/x86_64-linux-gnu/libpthread-2.19.so
7f71a0eaf000-7f71a10ae000 ---p 00019000 08:02 27263192                   /lib/x86_64-linux-gnu/libpthread-2.19.so
7f71a10ae000-7f71a10af000 r--p 00018000 08:02 27263192                   /lib/x86_64-linux-gnu/libpthread-2.19.so
7f71a10af000-7f71a10b0000 rw-p 00019000 08:02 27263192                   /lib/x86_64-linux-gnu/libpthread-2.19.so
7f71a10b0000-7f71a10b4000 rw-p 00000000 00:00 0 
7f71a10b4000-7f71a10d7000 r-xp 00000000 08:02 27263175                   /lib/x86_64-linux-gnu/ld-2.19.so
7f71a10ec000-7f71a11b3000 rw-p 00000000 00:00 0 
7f71a11b3000-7f71a11b6000 ---p 00000000 00:00 0 
7f71a11b6000-7f71a12b8000 rw-p 00000000 00:00 0                          [stack:4499]
7f71a12c8000-7f71a12ca000 rw-p 00000000 00:00 0 
7f71a12ca000-7f71a12d2000 rw-s 00000000 08:02 20971707                   /tmp/hsperfdata_camila/4492
7f71a12d2000-7f71a12d3000 rw-p 00000000 00:00 0 
7f71a12d3000-7f71a12d4000 r--p 00000000 00:00 0 
7f71a12d4000-7f71a12d6000 rw-p 00000000 00:00 0 
7f71a12d6000-7f71a12d7000 r--p 00022000 08:02 27263175                   /lib/x86_64-linux-gnu/ld-2.19.so
7f71a12d7000-7f71a12d8000 rw-p 00023000 08:02 27263175                   /lib/x86_64-linux-gnu/ld-2.19.so
7f71a12d8000-7f71a12d9000 rw-p 00000000 00:00 0 
7fffb9e5e000-7fffb9e7f000 rw-p 00000000 00:00 0                          [stack]
7fffb9f40000-7fffb9f42000 r-xp 00000000 00:00 0                          [vdso]
ffffffffff600000-ffffffffff601000 r-xp 00000000 00:00 0                  [vsyscall]

VM Arguments:
jvm_args: -Dfile.encoding=UTF-8 -Xbootclasspath:/home/camila/android-sdk-linux/platforms/android-19/android.jar 
java_command: org.eclipse.jdt.internal.junit.runner.RemoteTestRunner -version 3 -port 34829 -testLoaderClass org.eclipse.jdt.internal.junit4.runner.JUnit4TestLoader -loaderpluginname org.eclipse.jdt.junit4.runtime -classNames jogo.TestLearnPersistence
java_class_path (initial): /home/camila/Documentos/ProjetosTP/ABCDario/libs/android-support-v4.jar:/usr/share/eclipse/dropins/jdt/plugins/org.junit_4.8.2.dist/junit.jar:/usr/share/eclipse/dropins/jdt/plugins/org.hamcrest.core_1.3.0.jar:/home/camila/Documentos/ProjetosTP/ABCDario/bin/classes:/home/camila/.eclipse/org.eclipse.platform_3.8_155965261/configuration/org.eclipse.osgi/bundles/274/1/.cp/:/home/camila/.eclipse/org.eclipse.platform_3.8_155965261/configuration/org.eclipse.osgi/bundles/273/1/.cp/
Launcher Type: SUN_STANDARD

Environment Variables:
PATH=/usr/local/sbin:/usr/local/bin:/usr/sbin:/usr/bin:/sbin:/bin:/usr/games:/usr/local/games
SHELL=/bin/bash
DISPLAY=:0

Signal Handlers:
SIGSEGV: [libjvm.so+0xa2fc90], sa_mask[0]=0x7ffbfeff, sa_flags=0x10000004
SIGBUS: [libjvm.so+0xa2fc90], sa_mask[0]=0x7ffbfeff, sa_flags=0x10000004
SIGFPE: [libjvm.so+0x89b4b0], sa_mask[0]=0x7ffbfeff, sa_flags=0x10000004
SIGPIPE: [libjvm.so+0x89b4b0], sa_mask[0]=0x7ffbfeff, sa_flags=0x10000004
SIGXFSZ: [libjvm.so+0x89b4b0], sa_mask[0]=0x7ffbfeff, sa_flags=0x10000004
SIGILL: [libjvm.so+0x89b4b0], sa_mask[0]=0x7ffbfeff, sa_flags=0x10000004
SIGUSR1: SIG_DFL, sa_mask[0]=0x00000000, sa_flags=0x00000000
SIGUSR2: [libjvm.so+0x89cc50], sa_mask[0]=0x00000004, sa_flags=0x10000004
SIGHUP: SIG_DFL, sa_mask[0]=0x00000000, sa_flags=0x00000000
SIGINT: SIG_DFL, sa_mask[0]=0x00000000, sa_flags=0x00000000
SIGTERM: SIG_DFL, sa_mask[0]=0x00000000, sa_flags=0x00000000
SIGQUIT: SIG_DFL, sa_mask[0]=0x00000000, sa_flags=0x00000000


---------------  S Y S T E M  ---------------

OS:DISTRIB_ID=Ubuntu
DISTRIB_RELEASE=14.04
DISTRIB_CODENAME=trusty
DISTRIB_DESCRIPTION="Ubuntu 14.04 LTS"

uname:Linux 3.13.0-27-generic #50-Ubuntu SMP Thu May 15 18:06:16 UTC 2014 x86_64
libc:glibc 2.19 NPTL 2.19 
rlimit: STACK 8192k, CORE 0k, NPROC 46406, NOFILE 4096, AS infinity
load average:1.28 1.25 2.00

/proc/meminfo:
MemTotal:        5987652 kB
MemFree:         2202400 kB
Buffers:          102956 kB
Cached:          1591296 kB
SwapCached:            0 kB
Active:          2413668 kB
Inactive:        1132052 kB
Active(anon):    1853636 kB
Inactive(anon):   361272 kB
Active(file):     560032 kB
Inactive(file):   770780 kB
Unevictable:           0 kB
Mlocked:               0 kB
SwapTotal:       6166524 kB
SwapFree:        6166524 kB
Dirty:               184 kB
Writeback:             0 kB
AnonPages:       1851680 kB
Mapped:           334104 kB
Shmem:            363444 kB
Slab:             119904 kB
SReclaimable:      87956 kB
SUnreclaim:        31948 kB
KernelStack:        4304 kB
PageTables:        35432 kB
NFS_Unstable:          0 kB
Bounce:                0 kB
WritebackTmp:          0 kB
CommitLimit:     9160348 kB
Committed_AS:    5657092 kB
VmallocTotal:   34359738367 kB
VmallocUsed:      356832 kB
VmallocChunk:   34359373276 kB
HardwareCorrupted:     0 kB
AnonHugePages:    835584 kB
HugePages_Total:       0
HugePages_Free:        0
HugePages_Rsvd:        0
HugePages_Surp:        0
Hugepagesize:       2048 kB
DirectMap4k:       84080 kB
DirectMap2M:     6082560 kB


CPU:total 4 (2 cores per cpu, 2 threads per core) family 6 model 58 stepping 9, cmov, cx8, fxsr, mmx, sse, sse2, sse3, ssse3, sse4.1, sse4.2, popcnt, avx, aes, clmul, erms, ht, tsc, tscinvbit

/proc/cpuinfo:
processor	: 0
vendor_id	: GenuineIntel
cpu family	: 6
model		: 58
model name	: Intel(R) Core(TM) i5-3210M CPU @ 2.50GHz
stepping	: 9
microcode	: 0x12
cpu MHz		: 2501.000
cache size	: 3072 KB
physical id	: 0
siblings	: 4
core id		: 0
cpu cores	: 2
apicid		: 0
initial apicid	: 0
fpu		: yes
fpu_exception	: yes
cpuid level	: 13
wp		: yes
flags		: fpu vme de pse tsc msr pae mce cx8 apic sep mtrr pge mca cmov pat pse36 clflush dts acpi mmx fxsr sse sse2 ss ht tm pbe syscall nx rdtscp lm constant_tsc arch_perfmon pebs bts rep_good nopl xtopology nonstop_tsc aperfmperf eagerfpu pni pclmulqdq dtes64 monitor ds_cpl vmx est tm2 ssse3 cx16 xtpr pdcm pcid sse4_1 sse4_2 x2apic popcnt tsc_deadline_timer aes xsave avx f16c rdrand lahf_lm ida arat epb xsaveopt pln pts dtherm tpr_shadow vnmi flexpriority ept vpid fsgsbase smep erms
bogomips	: 4988.75
clflush size	: 64
cache_alignment	: 64
address sizes	: 36 bits physical, 48 bits virtual
power management:

processor	: 1
vendor_id	: GenuineIntel
cpu family	: 6
model		: 58
model name	: Intel(R) Core(TM) i5-3210M CPU @ 2.50GHz
stepping	: 9
microcode	: 0x12
cpu MHz		: 2501.000
cache size	: 3072 KB
physical id	: 0
siblings	: 4
core id		: 1
cpu cores	: 2
apicid		: 2
initial apicid	: 2
fpu		: yes
fpu_exception	: yes
cpuid level	: 13
wp		: yes
flags		: fpu vme de pse tsc msr pae mce cx8 apic sep mtrr pge mca cmov pat pse36 clflush dts acpi mmx fxsr sse sse2 ss ht tm pbe syscall nx rdtscp lm constant_tsc arch_perfmon pebs bts rep_good nopl xtopology nonstop_tsc aperfmperf eagerfpu pni pclmulqdq dtes64 monitor ds_cpl vmx est tm2 ssse3 cx16 xtpr pdcm pcid sse4_1 sse4_2 x2apic popcnt tsc_deadline_timer aes xsave avx f16c rdrand lahf_lm ida arat epb xsaveopt pln pts dtherm tpr_shadow vnmi flexpriority ept vpid fsgsbase smep erms
bogomips	: 4988.75
clflush size	: 64
cache_alignment	: 64
address sizes	: 36 bits physical, 48 bits virtual
power management:

processor	: 2
vendor_id	: GenuineIntel
cpu family	: 6
model		: 58
model name	: Intel(R) Core(TM) i5-3210M CPU @ 2.50GHz
stepping	: 9
microcode	: 0x12
cpu MHz		: 2501.000
cache size	: 3072 KB
physical id	: 0
siblings	: 4
core id		: 0
cpu cores	: 2
apicid		: 1
initial apicid	: 1
fpu		: yes
fpu_exception	: yes
cpuid level	: 13
wp		: yes
flags		: fpu vme de pse tsc msr pae mce cx8 apic sep mtrr pge mca cmov pat pse36 clflush dts acpi mmx fxsr sse sse2 ss ht tm pbe syscall nx rdtscp lm constant_tsc arch_perfmon pebs bts rep_good nopl xtopology nonstop_tsc aperfmperf eagerfpu pni pclmulqdq dtes64 monitor ds_cpl vmx est tm2 ssse3 cx16 xtpr pdcm pcid sse4_1 sse4_2 x2apic popcnt tsc_deadline_timer aes xsave avx f16c rdrand lahf_lm ida arat epb xsaveopt pln pts dtherm tpr_shadow vnmi flexpriority ept vpid fsgsbase smep erms
bogomips	: 4988.75
clflush size	: 64
cache_alignment	: 64
address sizes	: 36 bits physical, 48 bits virtual
power management:

processor	: 3
vendor_id	: GenuineIntel
cpu family	: 6
model		: 58
model name	: Intel(R) Core(TM) i5-3210M CPU @ 2.50GHz
stepping	: 9
microcode	: 0x12
cpu MHz		: 2501.000
cache size	: 3072 KB
physical id	: 0
siblings	: 4
core id		: 1
cpu cores	: 2
apicid		: 3
initial apicid	: 3
fpu		: yes
fpu_exception	: yes
cpuid level	: 13
wp		: yes
flags		: fpu vme de pse tsc msr pae mce cx8 apic sep mtrr pge mca cmov pat pse36 clflush dts acpi mmx fxsr sse sse2 ss ht tm pbe syscall nx rdtscp lm constant_tsc arch_perfmon pebs bts rep_good nopl xtopology nonstop_tsc aperfmperf eagerfpu pni pclmulqdq dtes64 monitor ds_cpl vmx est tm2 ssse3 cx16 xtpr pdcm pcid sse4_1 sse4_2 x2apic popcnt tsc_deadline_timer aes xsave avx f16c rdrand lahf_lm ida arat epb xsaveopt pln pts dtherm tpr_shadow vnmi flexpriority ept vpid fsgsbase smep erms
bogomips	: 4988.75
clflush size	: 64
cache_alignment	: 64
address sizes	: 36 bits physical, 48 bits virtual
power management:



Memory: 4k page, physical 5987652k(2202400k free), swap 6166524k(6166524k free)

vm_info: Java HotSpot(TM) 64-Bit Server VM (25.5-b02) for linux-amd64 JRE (1.8.0_05-b13), built on Mar 18 2014 00:29:27 by "java_re" with gcc 4.3.0 20080428 (Red Hat 4.3.0-8)

time: Thu May 29 11:31:34 2014
elapsed time: 0 seconds

